mode: set
github.com/adityasarna/opi-nvidia-vsp-skeleton/cmd/vspdaemon/main.go:15.13,24.65 8 0
github.com/adityasarna/opi-nvidia-vsp-skeleton/cmd/vspdaemon/main.go:24.65,27.3 2 0
github.com/adityasarna/opi-nvidia-vsp-skeleton/cmd/vspdaemon/main.go:28.2,28.13 1 0
github.com/adityasarna/opi-nvidia-vsp-skeleton/cmd/vspdaemon/main.go:28.13,30.66 2 0
github.com/adityasarna/opi-nvidia-vsp-skeleton/cmd/vspdaemon/main.go:30.66,33.4 2 0
github.com/adityasarna/opi-nvidia-vsp-skeleton/cmd/vspdaemon/main.go:34.3,34.91 1 0
github.com/adityasarna/opi-nvidia-vsp-skeleton/cmd/vspdaemon/main.go:37.2,40.12 3 0
github.com/adityasarna/opi-nvidia-vsp-skeleton/cmd/vspdaemon/main.go:40.12,46.3 5 0
github.com/adityasarna/opi-nvidia-vsp-skeleton/cmd/vspdaemon/main.go:48.2,48.59 1 0
github.com/adityasarna/opi-nvidia-vsp-skeleton/cmd/vspdaemon/main.go:48.59,51.3 2 0
github.com/adityasarna/opi-nvidia-vsp-skeleton/cmd/vspclient/main.go:17.13,26.16 7 0
github.com/adityasarna/opi-nvidia-vsp-skeleton/cmd/vspclient/main.go:26.16,29.3 2 0
github.com/adityasarna/opi-nvidia-vsp-skeleton/cmd/vspclient/main.go:30.2,37.16 6 0
github.com/adityasarna/opi-nvidia-vsp-skeleton/cmd/vspclient/main.go:37.16,40.3 2 0
github.com/adityasarna/opi-nvidia-vsp-skeleton/cmd/vspclient/main.go:41.2,44.16 3 0
github.com/adityasarna/opi-nvidia-vsp-skeleton/cmd/vspclient/main.go:44.16,47.3 2 0
github.com/adityasarna/opi-nvidia-vsp-skeleton/cmd/vspclient/main.go:48.2,49.39 2 0
github.com/adityasarna/opi-nvidia-vsp-skeleton/cmd/vspclient/main.go:49.39,51.3 1 0
github.com/adityasarna/opi-nvidia-vsp-skeleton/cmd/vspclient/main.go:53.2,54.16 2 0
github.com/adityasarna/opi-nvidia-vsp-skeleton/cmd/vspclient/main.go:54.16,57.3 2 0
github.com/adityasarna/opi-nvidia-vsp-skeleton/cmd/vspclient/main.go:58.2,60.13 2 0
github.com/adityasarna/opi-nvidia-vsp-skeleton/cmd/vspclient/main.go:60.13,67.63 3 0
github.com/adityasarna/opi-nvidia-vsp-skeleton/cmd/vspclient/main.go:67.63,70.4 2 0
github.com/adityasarna/opi-nvidia-vsp-skeleton/cmd/vspclient/main.go:71.3,71.46 1 0
github.com/adityasarna/opi-nvidia-vsp-skeleton/cmd/vspclient/main.go:74.2,74.34 1 0
github.com/adityasarna/opi-nvidia-vsp-skeleton/api/vsp/vsp.pb.go:32.25,34.29 2 0
github.com/adityasarna/opi-nvidia-vsp-skeleton/api/vsp/vsp.pb.go:34.29,38.3 3 0
github.com/adityasarna/opi-nvidia-vsp-skeleton/api/vsp/vsp.pb.go:41.33,43.2 1 0
github.com/adityasarna/opi-nvidia-vsp-skeleton/api/vsp/vsp.pb.go:45.31,45.32 0 0
github.com/adityasarna/opi-nvidia-vsp-skeleton/api/vsp/vsp.pb.go:47.53,49.41 2 0
github.com/adityasarna/opi-nvidia-vsp-skeleton/api/vsp/vsp.pb.go:49.41,51.34 2 0
github.com/adityasarna/opi-nvidia-vsp-skeleton/api/vsp/vsp.pb.go:51.34,53.4 1 0
github.com/adityasarna/opi-nvidia-vsp-skeleton/api/vsp/vsp.pb.go:54.3,54.12 1 0
github.com/adityasarna/opi-nvidia-vsp-skeleton/api/vsp/vsp.pb.go:56.2,56.24 1 0
github.com/adityasarna/opi-nvidia-vsp-skeleton/api/vsp/vsp.pb.go:60.44,62.2 1 0
github.com/adityasarna/opi-nvidia-vsp-skeleton/api/vsp/vsp.pb.go:73.31,75.29 2 0
github.com/adityasarna/opi-nvidia-vsp-skeleton/api/vsp/vsp.pb.go:75.29,79.3 3 0
github.com/adityasarna/opi-nvidia-vsp-skeleton/api/vsp/vsp.pb.go:82.39,84.2 1 0
github.com/adityasarna/opi-nvidia-vsp-skeleton/api/vsp/vsp.pb.go:86.37,86.38 0 0
github.com/adityasarna/opi-nvidia-vsp-skeleton/api/vsp/vsp.pb.go:88.59,90.41 2 0
github.com/adityasarna/opi-nvidia-vsp-skeleton/api/vsp/vsp.pb.go:90.41,92.34 2 0
github.com/adityasarna/opi-nvidia-vsp-skeleton/api/vsp/vsp.pb.go:92.34,94.4 1 0
github.com/adityasarna/opi-nvidia-vsp-skeleton/api/vsp/vsp.pb.go:95.3,95.12 1 0
github.com/adityasarna/opi-nvidia-vsp-skeleton/api/vsp/vsp.pb.go:97.2,97.24 1 0
github.com/adityasarna/opi-nvidia-vsp-skeleton/api/vsp/vsp.pb.go:101.50,103.2 1 0
github.com/adityasarna/opi-nvidia-vsp-skeleton/api/vsp/vsp.pb.go:105.41,106.14 1 0
github.com/adityasarna/opi-nvidia-vsp-skeleton/api/vsp/vsp.pb.go:106.14,108.3 1 0
github.com/adityasarna/opi-nvidia-vsp-skeleton/api/vsp/vsp.pb.go:109.2,109.14 1 0
github.com/adityasarna/opi-nvidia-vsp-skeleton/api/vsp/vsp.pb.go:112.49,113.14 1 0
github.com/adityasarna/opi-nvidia-vsp-skeleton/api/vsp/vsp.pb.go:113.14,115.3 1 0
github.com/adityasarna/opi-nvidia-vsp-skeleton/api/vsp/vsp.pb.go:116.2,116.11 1 0
github.com/adityasarna/opi-nvidia-vsp-skeleton/api/vsp/vsp.pb.go:128.26,130.29 2 0
github.com/adityasarna/opi-nvidia-vsp-skeleton/api/vsp/vsp.pb.go:130.29,134.3 3 0
github.com/adityasarna/opi-nvidia-vsp-skeleton/api/vsp/vsp.pb.go:137.34,139.2 1 0
github.com/adityasarna/opi-nvidia-vsp-skeleton/api/vsp/vsp.pb.go:141.32,141.33 0 0
github.com/adityasarna/opi-nvidia-vsp-skeleton/api/vsp/vsp.pb.go:143.54,145.41 2 0
github.com/adityasarna/opi-nvidia-vsp-skeleton/api/vsp/vsp.pb.go:145.41,147.34 2 0
github.com/adityasarna/opi-nvidia-vsp-skeleton/api/vsp/vsp.pb.go:147.34,149.4 1 0
github.com/adityasarna/opi-nvidia-vsp-skeleton/api/vsp/vsp.pb.go:150.3,150.12 1 0
github.com/adityasarna/opi-nvidia-vsp-skeleton/api/vsp/vsp.pb.go:152.2,152.24 1 0
github.com/adityasarna/opi-nvidia-vsp-skeleton/api/vsp/vsp.pb.go:156.45,158.2 1 0
github.com/adityasarna/opi-nvidia-vsp-skeleton/api/vsp/vsp.pb.go:160.33,161.14 1 0
github.com/adityasarna/opi-nvidia-vsp-skeleton/api/vsp/vsp.pb.go:161.14,163.3 1 0
github.com/adityasarna/opi-nvidia-vsp-skeleton/api/vsp/vsp.pb.go:164.2,164.11 1 0
github.com/adityasarna/opi-nvidia-vsp-skeleton/api/vsp/vsp.pb.go:167.34,168.14 1 0
github.com/adityasarna/opi-nvidia-vsp-skeleton/api/vsp/vsp.pb.go:168.14,170.3 1 0
github.com/adityasarna/opi-nvidia-vsp-skeleton/api/vsp/vsp.pb.go:171.2,171.10 1 0
github.com/adityasarna/opi-nvidia-vsp-skeleton/api/vsp/vsp.pb.go:182.27,184.29 2 0
github.com/adityasarna/opi-nvidia-vsp-skeleton/api/vsp/vsp.pb.go:184.29,188.3 3 0
github.com/adityasarna/opi-nvidia-vsp-skeleton/api/vsp/vsp.pb.go:191.35,193.2 1 0
github.com/adityasarna/opi-nvidia-vsp-skeleton/api/vsp/vsp.pb.go:195.33,195.34 0 0
github.com/adityasarna/opi-nvidia-vsp-skeleton/api/vsp/vsp.pb.go:197.55,199.41 2 0
github.com/adityasarna/opi-nvidia-vsp-skeleton/api/vsp/vsp.pb.go:199.41,201.34 2 0
github.com/adityasarna/opi-nvidia-vsp-skeleton/api/vsp/vsp.pb.go:201.34,203.4 1 0
github.com/adityasarna/opi-nvidia-vsp-skeleton/api/vsp/vsp.pb.go:204.3,204.12 1 0
github.com/adityasarna/opi-nvidia-vsp-skeleton/api/vsp/vsp.pb.go:206.2,206.24 1 0
github.com/adityasarna/opi-nvidia-vsp-skeleton/api/vsp/vsp.pb.go:210.46,212.2 1 0
github.com/adityasarna/opi-nvidia-vsp-skeleton/api/vsp/vsp.pb.go:214.36,215.14 1 0
github.com/adityasarna/opi-nvidia-vsp-skeleton/api/vsp/vsp.pb.go:215.14,217.3 1 0
github.com/adityasarna/opi-nvidia-vsp-skeleton/api/vsp/vsp.pb.go:218.2,218.10 1 0
github.com/adityasarna/opi-nvidia-vsp-skeleton/api/vsp/vsp.pb.go:229.32,231.29 2 0
github.com/adityasarna/opi-nvidia-vsp-skeleton/api/vsp/vsp.pb.go:231.29,235.3 3 0
github.com/adityasarna/opi-nvidia-vsp-skeleton/api/vsp/vsp.pb.go:238.40,240.2 1 0
github.com/adityasarna/opi-nvidia-vsp-skeleton/api/vsp/vsp.pb.go:242.38,242.39 0 0
github.com/adityasarna/opi-nvidia-vsp-skeleton/api/vsp/vsp.pb.go:244.60,246.41 2 0
github.com/adityasarna/opi-nvidia-vsp-skeleton/api/vsp/vsp.pb.go:246.41,248.34 2 0
github.com/adityasarna/opi-nvidia-vsp-skeleton/api/vsp/vsp.pb.go:248.34,250.4 1 0
github.com/adityasarna/opi-nvidia-vsp-skeleton/api/vsp/vsp.pb.go:251.3,251.12 1 0
github.com/adityasarna/opi-nvidia-vsp-skeleton/api/vsp/vsp.pb.go:253.2,253.24 1 0
github.com/adityasarna/opi-nvidia-vsp-skeleton/api/vsp/vsp.pb.go:257.51,259.2 1 0
github.com/adityasarna/opi-nvidia-vsp-skeleton/api/vsp/vsp.pb.go:261.41,262.14 1 0
github.com/adityasarna/opi-nvidia-vsp-skeleton/api/vsp/vsp.pb.go:262.14,264.3 1 0
github.com/adityasarna/opi-nvidia-vsp-skeleton/api/vsp/vsp.pb.go:265.2,265.11 1 0
github.com/adityasarna/opi-nvidia-vsp-skeleton/api/vsp/vsp.pb.go:278.26,280.29 2 0
github.com/adityasarna/opi-nvidia-vsp-skeleton/api/vsp/vsp.pb.go:280.29,284.3 3 0
github.com/adityasarna/opi-nvidia-vsp-skeleton/api/vsp/vsp.pb.go:287.34,289.2 1 0
github.com/adityasarna/opi-nvidia-vsp-skeleton/api/vsp/vsp.pb.go:291.32,291.33 0 0
github.com/adityasarna/opi-nvidia-vsp-skeleton/api/vsp/vsp.pb.go:293.54,295.41 2 0
github.com/adityasarna/opi-nvidia-vsp-skeleton/api/vsp/vsp.pb.go:295.41,297.34 2 0
github.com/adityasarna/opi-nvidia-vsp-skeleton/api/vsp/vsp.pb.go:297.34,299.4 1 0
github.com/adityasarna/opi-nvidia-vsp-skeleton/api/vsp/vsp.pb.go:300.3,300.12 1 0
github.com/adityasarna/opi-nvidia-vsp-skeleton/api/vsp/vsp.pb.go:302.2,302.24 1 0
github.com/adityasarna/opi-nvidia-vsp-skeleton/api/vsp/vsp.pb.go:306.45,308.2 1 0
github.com/adityasarna/opi-nvidia-vsp-skeleton/api/vsp/vsp.pb.go:310.33,311.14 1 0
github.com/adityasarna/opi-nvidia-vsp-skeleton/api/vsp/vsp.pb.go:311.14,313.3 1 0
github.com/adityasarna/opi-nvidia-vsp-skeleton/api/vsp/vsp.pb.go:314.2,314.11 1 0
github.com/adityasarna/opi-nvidia-vsp-skeleton/api/vsp/vsp.pb.go:317.37,318.14 1 0
github.com/adityasarna/opi-nvidia-vsp-skeleton/api/vsp/vsp.pb.go:318.14,320.3 1 0
github.com/adityasarna/opi-nvidia-vsp-skeleton/api/vsp/vsp.pb.go:321.2,321.11 1 0
github.com/adityasarna/opi-nvidia-vsp-skeleton/api/vsp/vsp.pb.go:324.46,325.14 1 0
github.com/adityasarna/opi-nvidia-vsp-skeleton/api/vsp/vsp.pb.go:325.14,327.3 1 0
github.com/adityasarna/opi-nvidia-vsp-skeleton/api/vsp/vsp.pb.go:328.2,328.12 1 0
github.com/adityasarna/opi-nvidia-vsp-skeleton/api/vsp/vsp.pb.go:339.38,341.29 2 0
github.com/adityasarna/opi-nvidia-vsp-skeleton/api/vsp/vsp.pb.go:341.29,345.3 3 0
github.com/adityasarna/opi-nvidia-vsp-skeleton/api/vsp/vsp.pb.go:348.46,350.2 1 0
github.com/adityasarna/opi-nvidia-vsp-skeleton/api/vsp/vsp.pb.go:352.44,352.45 0 0
github.com/adityasarna/opi-nvidia-vsp-skeleton/api/vsp/vsp.pb.go:354.66,356.41 2 0
github.com/adityasarna/opi-nvidia-vsp-skeleton/api/vsp/vsp.pb.go:356.41,358.34 2 0
github.com/adityasarna/opi-nvidia-vsp-skeleton/api/vsp/vsp.pb.go:358.34,360.4 1 0
github.com/adityasarna/opi-nvidia-vsp-skeleton/api/vsp/vsp.pb.go:361.3,361.12 1 0
github.com/adityasarna/opi-nvidia-vsp-skeleton/api/vsp/vsp.pb.go:363.2,363.24 1 0
github.com/adityasarna/opi-nvidia-vsp-skeleton/api/vsp/vsp.pb.go:367.57,369.2 1 0
github.com/adityasarna/opi-nvidia-vsp-skeleton/api/vsp/vsp.pb.go:371.62,372.14 1 0
github.com/adityasarna/opi-nvidia-vsp-skeleton/api/vsp/vsp.pb.go:372.14,374.3 1 0
github.com/adityasarna/opi-nvidia-vsp-skeleton/api/vsp/vsp.pb.go:375.2,375.12 1 0
github.com/adityasarna/opi-nvidia-vsp-skeleton/api/vsp/vsp.pb.go:388.29,390.29 2 0
github.com/adityasarna/opi-nvidia-vsp-skeleton/api/vsp/vsp.pb.go:390.29,394.3 3 0
github.com/adityasarna/opi-nvidia-vsp-skeleton/api/vsp/vsp.pb.go:397.37,399.2 1 0
github.com/adityasarna/opi-nvidia-vsp-skeleton/api/vsp/vsp.pb.go:401.35,401.36 0 0
github.com/adityasarna/opi-nvidia-vsp-skeleton/api/vsp/vsp.pb.go:403.57,405.41 2 0
github.com/adityasarna/opi-nvidia-vsp-skeleton/api/vsp/vsp.pb.go:405.41,407.34 2 0
github.com/adityasarna/opi-nvidia-vsp-skeleton/api/vsp/vsp.pb.go:407.34,409.4 1 0
github.com/adityasarna/opi-nvidia-vsp-skeleton/api/vsp/vsp.pb.go:410.3,410.12 1 0
github.com/adityasarna/opi-nvidia-vsp-skeleton/api/vsp/vsp.pb.go:412.2,412.24 1 0
github.com/adityasarna/opi-nvidia-vsp-skeleton/api/vsp/vsp.pb.go:416.48,418.2 1 0
github.com/adityasarna/opi-nvidia-vsp-skeleton/api/vsp/vsp.pb.go:420.39,421.14 1 0
github.com/adityasarna/opi-nvidia-vsp-skeleton/api/vsp/vsp.pb.go:421.14,423.3 1 0
github.com/adityasarna/opi-nvidia-vsp-skeleton/api/vsp/vsp.pb.go:424.2,424.11 1 0
github.com/adityasarna/opi-nvidia-vsp-skeleton/api/vsp/vsp.pb.go:427.40,428.14 1 0
github.com/adityasarna/opi-nvidia-vsp-skeleton/api/vsp/vsp.pb.go:428.14,430.3 1 0
github.com/adityasarna/opi-nvidia-vsp-skeleton/api/vsp/vsp.pb.go:431.2,431.11 1 0
github.com/adityasarna/opi-nvidia-vsp-skeleton/api/vsp/vsp.pb.go:434.42,435.14 1 0
github.com/adityasarna/opi-nvidia-vsp-skeleton/api/vsp/vsp.pb.go:435.14,437.3 1 0
github.com/adityasarna/opi-nvidia-vsp-skeleton/api/vsp/vsp.pb.go:438.2,438.11 1 0
github.com/adityasarna/opi-nvidia-vsp-skeleton/api/vsp/vsp.pb.go:449.43,451.29 2 0
github.com/adityasarna/opi-nvidia-vsp-skeleton/api/vsp/vsp.pb.go:451.29,455.3 3 0
github.com/adityasarna/opi-nvidia-vsp-skeleton/api/vsp/vsp.pb.go:458.51,460.2 1 0
github.com/adityasarna/opi-nvidia-vsp-skeleton/api/vsp/vsp.pb.go:462.49,462.50 0 0
github.com/adityasarna/opi-nvidia-vsp-skeleton/api/vsp/vsp.pb.go:464.71,466.41 2 0
github.com/adityasarna/opi-nvidia-vsp-skeleton/api/vsp/vsp.pb.go:466.41,468.34 2 0
github.com/adityasarna/opi-nvidia-vsp-skeleton/api/vsp/vsp.pb.go:468.34,470.4 1 0
github.com/adityasarna/opi-nvidia-vsp-skeleton/api/vsp/vsp.pb.go:471.3,471.12 1 0
github.com/adityasarna/opi-nvidia-vsp-skeleton/api/vsp/vsp.pb.go:473.2,473.24 1 0
github.com/adityasarna/opi-nvidia-vsp-skeleton/api/vsp/vsp.pb.go:477.62,479.2 1 0
github.com/adityasarna/opi-nvidia-vsp-skeleton/api/vsp/vsp.pb.go:481.59,482.14 1 0
github.com/adityasarna/opi-nvidia-vsp-skeleton/api/vsp/vsp.pb.go:482.14,484.3 1 0
github.com/adityasarna/opi-nvidia-vsp-skeleton/api/vsp/vsp.pb.go:485.2,485.14 1 0
github.com/adityasarna/opi-nvidia-vsp-skeleton/api/vsp/vsp.pb.go:497.31,499.29 2 0
github.com/adityasarna/opi-nvidia-vsp-skeleton/api/vsp/vsp.pb.go:499.29,503.3 3 0
github.com/adityasarna/opi-nvidia-vsp-skeleton/api/vsp/vsp.pb.go:506.39,508.2 1 0
github.com/adityasarna/opi-nvidia-vsp-skeleton/api/vsp/vsp.pb.go:510.37,510.38 0 0
github.com/adityasarna/opi-nvidia-vsp-skeleton/api/vsp/vsp.pb.go:512.59,514.41 2 0
github.com/adityasarna/opi-nvidia-vsp-skeleton/api/vsp/vsp.pb.go:514.41,516.34 2 0
github.com/adityasarna/opi-nvidia-vsp-skeleton/api/vsp/vsp.pb.go:516.34,518.4 1 0
github.com/adityasarna/opi-nvidia-vsp-skeleton/api/vsp/vsp.pb.go:519.3,519.12 1 0
github.com/adityasarna/opi-nvidia-vsp-skeleton/api/vsp/vsp.pb.go:521.2,521.24 1 0
github.com/adityasarna/opi-nvidia-vsp-skeleton/api/vsp/vsp.pb.go:525.50,527.2 1 0
github.com/adityasarna/opi-nvidia-vsp-skeleton/api/vsp/vsp.pb.go:529.44,530.14 1 0
github.com/adityasarna/opi-nvidia-vsp-skeleton/api/vsp/vsp.pb.go:530.14,532.3 1 0
github.com/adityasarna/opi-nvidia-vsp-skeleton/api/vsp/vsp.pb.go:533.2,533.10 1 0
github.com/adityasarna/opi-nvidia-vsp-skeleton/api/vsp/vsp.pb.go:536.44,537.14 1 0
github.com/adityasarna/opi-nvidia-vsp-skeleton/api/vsp/vsp.pb.go:537.14,539.3 1 0
github.com/adityasarna/opi-nvidia-vsp-skeleton/api/vsp/vsp.pb.go:540.2,540.11 1 0
github.com/adityasarna/opi-nvidia-vsp-skeleton/api/vsp/vsp.pb.go:553.32,555.29 2 0
github.com/adityasarna/opi-nvidia-vsp-skeleton/api/vsp/vsp.pb.go:555.29,559.3 3 0
github.com/adityasarna/opi-nvidia-vsp-skeleton/api/vsp/vsp.pb.go:562.40,564.2 1 0
github.com/adityasarna/opi-nvidia-vsp-skeleton/api/vsp/vsp.pb.go:566.38,566.39 0 0
github.com/adityasarna/opi-nvidia-vsp-skeleton/api/vsp/vsp.pb.go:568.60,570.41 2 0
github.com/adityasarna/opi-nvidia-vsp-skeleton/api/vsp/vsp.pb.go:570.41,572.34 2 0
github.com/adityasarna/opi-nvidia-vsp-skeleton/api/vsp/vsp.pb.go:572.34,574.4 1 0
github.com/adityasarna/opi-nvidia-vsp-skeleton/api/vsp/vsp.pb.go:575.3,575.12 1 0
github.com/adityasarna/opi-nvidia-vsp-skeleton/api/vsp/vsp.pb.go:577.2,577.24 1 0
github.com/adityasarna/opi-nvidia-vsp-skeleton/api/vsp/vsp.pb.go:581.51,583.2 1 0
github.com/adityasarna/opi-nvidia-vsp-skeleton/api/vsp/vsp.pb.go:585.45,586.14 1 0
github.com/adityasarna/opi-nvidia-vsp-skeleton/api/vsp/vsp.pb.go:586.14,588.3 1 0
github.com/adityasarna/opi-nvidia-vsp-skeleton/api/vsp/vsp.pb.go:589.2,589.10 1 0
github.com/adityasarna/opi-nvidia-vsp-skeleton/api/vsp/vsp.pb.go:592.48,593.14 1 0
github.com/adityasarna/opi-nvidia-vsp-skeleton/api/vsp/vsp.pb.go:593.14,595.3 1 0
github.com/adityasarna/opi-nvidia-vsp-skeleton/api/vsp/vsp.pb.go:596.2,596.11 1 0
github.com/adityasarna/opi-nvidia-vsp-skeleton/api/vsp/vsp.pb.go:599.42,600.14 1 0
github.com/adityasarna/opi-nvidia-vsp-skeleton/api/vsp/vsp.pb.go:600.14,602.3 1 0
github.com/adityasarna/opi-nvidia-vsp-skeleton/api/vsp/vsp.pb.go:603.2,603.14 1 0
github.com/adityasarna/opi-nvidia-vsp-skeleton/api/vsp/vsp.pb.go:709.50,710.47 1 0
github.com/adityasarna/opi-nvidia-vsp-skeleton/api/vsp/vsp.pb.go:710.47,712.3 1 0
github.com/adityasarna/opi-nvidia-vsp-skeleton/api/vsp/vsp.pb.go:713.2,713.43 1 0
github.com/adityasarna/opi-nvidia-vsp-skeleton/api/vsp/vsp.pb.go:756.13,756.46 1 0
github.com/adityasarna/opi-nvidia-vsp-skeleton/api/vsp/vsp.pb.go:757.36,758.35 1 0
github.com/adityasarna/opi-nvidia-vsp-skeleton/api/vsp/vsp.pb.go:758.35,760.3 1 0
github.com/adityasarna/opi-nvidia-vsp-skeleton/api/vsp/vsp.pb.go:761.2,761.30 1 0
github.com/adityasarna/opi-nvidia-vsp-skeleton/api/vsp/vsp.pb.go:761.30,762.88 1 0
github.com/adityasarna/opi-nvidia-vsp-skeleton/api/vsp/vsp.pb.go:762.88,763.30 1 0
github.com/adityasarna/opi-nvidia-vsp-skeleton/api/vsp/vsp.pb.go:764.11,765.20 1 0
github.com/adityasarna/opi-nvidia-vsp-skeleton/api/vsp/vsp.pb.go:766.11,767.24 1 0
github.com/adityasarna/opi-nvidia-vsp-skeleton/api/vsp/vsp.pb.go:768.11,769.28 1 0
github.com/adityasarna/opi-nvidia-vsp-skeleton/api/vsp/vsp.pb.go:770.12,771.15 1 0
github.com/adityasarna/opi-nvidia-vsp-skeleton/api/vsp/vsp.pb.go:774.3,774.88 1 0
github.com/adityasarna/opi-nvidia-vsp-skeleton/api/vsp/vsp.pb.go:774.88,775.36 1 0
github.com/adityasarna/opi-nvidia-vsp-skeleton/api/vsp/vsp.pb.go:776.11,777.20 1 0
github.com/adityasarna/opi-nvidia-vsp-skeleton/api/vsp/vsp.pb.go:778.11,779.24 1 0
github.com/adityasarna/opi-nvidia-vsp-skeleton/api/vsp/vsp.pb.go:780.11,781.28 1 0
github.com/adityasarna/opi-nvidia-vsp-skeleton/api/vsp/vsp.pb.go:782.12,783.15 1 0
github.com/adityasarna/opi-nvidia-vsp-skeleton/api/vsp/vsp.pb.go:786.3,786.88 1 0
github.com/adityasarna/opi-nvidia-vsp-skeleton/api/vsp/vsp.pb.go:786.88,787.31 1 0
github.com/adityasarna/opi-nvidia-vsp-skeleton/api/vsp/vsp.pb.go:788.11,789.20 1 0
github.com/adityasarna/opi-nvidia-vsp-skeleton/api/vsp/vsp.pb.go:790.11,791.24 1 0
github.com/adityasarna/opi-nvidia-vsp-skeleton/api/vsp/vsp.pb.go:792.11,793.28 1 0
github.com/adityasarna/opi-nvidia-vsp-skeleton/api/vsp/vsp.pb.go:794.12,795.15 1 0
github.com/adityasarna/opi-nvidia-vsp-skeleton/api/vsp/vsp.pb.go:798.3,798.88 1 0
github.com/adityasarna/opi-nvidia-vsp-skeleton/api/vsp/vsp.pb.go:798.88,799.32 1 0
github.com/adityasarna/opi-nvidia-vsp-skeleton/api/vsp/vsp.pb.go:800.11,801.20 1 0
github.com/adityasarna/opi-nvidia-vsp-skeleton/api/vsp/vsp.pb.go:802.11,803.24 1 0
github.com/adityasarna/opi-nvidia-vsp-skeleton/api/vsp/vsp.pb.go:804.11,805.28 1 0
github.com/adityasarna/opi-nvidia-vsp-skeleton/api/vsp/vsp.pb.go:806.12,807.15 1 0
github.com/adityasarna/opi-nvidia-vsp-skeleton/api/vsp/vsp.pb.go:810.3,810.88 1 0
github.com/adityasarna/opi-nvidia-vsp-skeleton/api/vsp/vsp.pb.go:810.88,811.37 1 0
github.com/adityasarna/opi-nvidia-vsp-skeleton/api/vsp/vsp.pb.go:812.11,813.20 1 0
github.com/adityasarna/opi-nvidia-vsp-skeleton/api/vsp/vsp.pb.go:814.11,815.24 1 0
github.com/adityasarna/opi-nvidia-vsp-skeleton/api/vsp/vsp.pb.go:816.11,817.28 1 0
github.com/adityasarna/opi-nvidia-vsp-skeleton/api/vsp/vsp.pb.go:818.12,819.15 1 0
github.com/adityasarna/opi-nvidia-vsp-skeleton/api/vsp/vsp.pb.go:822.3,822.88 1 0
github.com/adityasarna/opi-nvidia-vsp-skeleton/api/vsp/vsp.pb.go:822.88,823.31 1 0
github.com/adityasarna/opi-nvidia-vsp-skeleton/api/vsp/vsp.pb.go:824.11,825.20 1 0
github.com/adityasarna/opi-nvidia-vsp-skeleton/api/vsp/vsp.pb.go:826.11,827.24 1 0
github.com/adityasarna/opi-nvidia-vsp-skeleton/api/vsp/vsp.pb.go:828.11,829.28 1 0
github.com/adityasarna/opi-nvidia-vsp-skeleton/api/vsp/vsp.pb.go:830.12,831.15 1 0
github.com/adityasarna/opi-nvidia-vsp-skeleton/api/vsp/vsp.pb.go:834.3,834.88 1 0
github.com/adityasarna/opi-nvidia-vsp-skeleton/api/vsp/vsp.pb.go:834.88,835.43 1 0
github.com/adityasarna/opi-nvidia-vsp-skeleton/api/vsp/vsp.pb.go:836.11,837.20 1 0
github.com/adityasarna/opi-nvidia-vsp-skeleton/api/vsp/vsp.pb.go:838.11,839.24 1 0
github.com/adityasarna/opi-nvidia-vsp-skeleton/api/vsp/vsp.pb.go:840.11,841.28 1 0
github.com/adityasarna/opi-nvidia-vsp-skeleton/api/vsp/vsp.pb.go:842.12,843.15 1 0
github.com/adityasarna/opi-nvidia-vsp-skeleton/api/vsp/vsp.pb.go:846.3,846.88 1 0
github.com/adityasarna/opi-nvidia-vsp-skeleton/api/vsp/vsp.pb.go:846.88,847.34 1 0
github.com/adityasarna/opi-nvidia-vsp-skeleton/api/vsp/vsp.pb.go:848.11,849.20 1 0
github.com/adityasarna/opi-nvidia-vsp-skeleton/api/vsp/vsp.pb.go:850.11,851.24 1 0
github.com/adityasarna/opi-nvidia-vsp-skeleton/api/vsp/vsp.pb.go:852.11,853.28 1 0
github.com/adityasarna/opi-nvidia-vsp-skeleton/api/vsp/vsp.pb.go:854.12,855.15 1 0
github.com/adityasarna/opi-nvidia-vsp-skeleton/api/vsp/vsp.pb.go:858.3,858.88 1 0
github.com/adityasarna/opi-nvidia-vsp-skeleton/api/vsp/vsp.pb.go:858.88,859.48 1 0
github.com/adityasarna/opi-nvidia-vsp-skeleton/api/vsp/vsp.pb.go:860.11,861.20 1 0
github.com/adityasarna/opi-nvidia-vsp-skeleton/api/vsp/vsp.pb.go:862.11,863.24 1 0
github.com/adityasarna/opi-nvidia-vsp-skeleton/api/vsp/vsp.pb.go:864.11,865.28 1 0
github.com/adityasarna/opi-nvidia-vsp-skeleton/api/vsp/vsp.pb.go:866.12,867.15 1 0
github.com/adityasarna/opi-nvidia-vsp-skeleton/api/vsp/vsp.pb.go:870.3,870.88 1 0
github.com/adityasarna/opi-nvidia-vsp-skeleton/api/vsp/vsp.pb.go:870.88,871.36 1 0
github.com/adityasarna/opi-nvidia-vsp-skeleton/api/vsp/vsp.pb.go:872.11,873.20 1 0
github.com/adityasarna/opi-nvidia-vsp-skeleton/api/vsp/vsp.pb.go:874.11,875.24 1 0
github.com/adityasarna/opi-nvidia-vsp-skeleton/api/vsp/vsp.pb.go:876.11,877.28 1 0
github.com/adityasarna/opi-nvidia-vsp-skeleton/api/vsp/vsp.pb.go:878.12,879.15 1 0
github.com/adityasarna/opi-nvidia-vsp-skeleton/api/vsp/vsp.pb.go:882.3,882.89 1 0
github.com/adityasarna/opi-nvidia-vsp-skeleton/api/vsp/vsp.pb.go:882.89,883.37 1 0
github.com/adityasarna/opi-nvidia-vsp-skeleton/api/vsp/vsp.pb.go:884.11,885.20 1 0
github.com/adityasarna/opi-nvidia-vsp-skeleton/api/vsp/vsp.pb.go:886.11,887.24 1 0
github.com/adityasarna/opi-nvidia-vsp-skeleton/api/vsp/vsp.pb.go:888.11,889.28 1 0
github.com/adityasarna/opi-nvidia-vsp-skeleton/api/vsp/vsp.pb.go:890.12,891.15 1 0
github.com/adityasarna/opi-nvidia-vsp-skeleton/api/vsp/vsp.pb.go:895.2,912.38 6 0
github.com/adityasarna/opi-nvidia-vsp-skeleton/api/vsp/vsp_grpc.pb.go:39.84,41.2 1 0
github.com/adityasarna/opi-nvidia-vsp-skeleton/api/vsp/vsp_grpc.pb.go:43.119,46.16 3 0
github.com/adityasarna/opi-nvidia-vsp-skeleton/api/vsp/vsp_grpc.pb.go:46.16,48.3 1 0
github.com/adityasarna/opi-nvidia-vsp-skeleton/api/vsp/vsp_grpc.pb.go:49.2,49.17 1 0
github.com/adityasarna/opi-nvidia-vsp-skeleton/api/vsp/vsp_grpc.pb.go:64.97,66.2 1 0
github.com/adityasarna/opi-nvidia-vsp-skeleton/api/vsp/vsp_grpc.pb.go:67.92,67.93 0 0
github.com/adityasarna/opi-nvidia-vsp-skeleton/api/vsp/vsp_grpc.pb.go:76.90,78.2 1 0
github.com/adityasarna/opi-nvidia-vsp-skeleton/api/vsp/vsp_grpc.pb.go:80.166,82.32 2 0
github.com/adityasarna/opi-nvidia-vsp-skeleton/api/vsp/vsp_grpc.pb.go:82.32,84.3 1 0
github.com/adityasarna/opi-nvidia-vsp-skeleton/api/vsp/vsp_grpc.pb.go:85.2,85.24 1 0
github.com/adityasarna/opi-nvidia-vsp-skeleton/api/vsp/vsp_grpc.pb.go:85.24,87.3 1 0
github.com/adityasarna/opi-nvidia-vsp-skeleton/api/vsp/vsp_grpc.pb.go:88.2,92.77 2 0
github.com/adityasarna/opi-nvidia-vsp-skeleton/api/vsp/vsp_grpc.pb.go:92.77,94.3 1 0
github.com/adityasarna/opi-nvidia-vsp-skeleton/api/vsp/vsp_grpc.pb.go:95.2,95.44 1 0
github.com/adityasarna/opi-nvidia-vsp-skeleton/api/vsp/vsp_grpc.pb.go:131.78,133.2 1 0
github.com/adityasarna/opi-nvidia-vsp-skeleton/api/vsp/vsp_grpc.pb.go:135.128,138.16 3 0
github.com/adityasarna/opi-nvidia-vsp-skeleton/api/vsp/vsp_grpc.pb.go:138.16,140.3 1 0
github.com/adityasarna/opi-nvidia-vsp-skeleton/api/vsp/vsp_grpc.pb.go:141.2,141.17 1 0
github.com/adityasarna/opi-nvidia-vsp-skeleton/api/vsp/vsp_grpc.pb.go:144.118,147.16 3 0
github.com/adityasarna/opi-nvidia-vsp-skeleton/api/vsp/vsp_grpc.pb.go:147.16,149.3 1 0
github.com/adityasarna/opi-nvidia-vsp-skeleton/api/vsp/vsp_grpc.pb.go:150.2,150.17 1 0
github.com/adityasarna/opi-nvidia-vsp-skeleton/api/vsp/vsp_grpc.pb.go:166.106,168.2 1 0
github.com/adityasarna/opi-nvidia-vsp-skeleton/api/vsp/vsp_grpc.pb.go:169.96,171.2 1 0
github.com/adityasarna/opi-nvidia-vsp-skeleton/api/vsp/vsp_grpc.pb.go:172.86,172.87 0 0
github.com/adityasarna/opi-nvidia-vsp-skeleton/api/vsp/vsp_grpc.pb.go:181.84,183.2 1 0
github.com/adityasarna/opi-nvidia-vsp-skeleton/api/vsp/vsp_grpc.pb.go:185.169,187.32 2 0
github.com/adityasarna/opi-nvidia-vsp-skeleton/api/vsp/vsp_grpc.pb.go:187.32,189.3 1 0
github.com/adityasarna/opi-nvidia-vsp-skeleton/api/vsp/vsp_grpc.pb.go:190.2,190.24 1 0
github.com/adityasarna/opi-nvidia-vsp-skeleton/api/vsp/vsp_grpc.pb.go:190.24,192.3 1 0
github.com/adityasarna/opi-nvidia-vsp-skeleton/api/vsp/vsp_grpc.pb.go:193.2,197.77 2 0
github.com/adityasarna/opi-nvidia-vsp-skeleton/api/vsp/vsp_grpc.pb.go:197.77,199.3 1 0
github.com/adityasarna/opi-nvidia-vsp-skeleton/api/vsp/vsp_grpc.pb.go:200.2,200.44 1 0
github.com/adityasarna/opi-nvidia-vsp-skeleton/api/vsp/vsp_grpc.pb.go:203.168,205.32 2 0
github.com/adityasarna/opi-nvidia-vsp-skeleton/api/vsp/vsp_grpc.pb.go:205.32,207.3 1 0
github.com/adityasarna/opi-nvidia-vsp-skeleton/api/vsp/vsp_grpc.pb.go:208.2,208.24 1 0
github.com/adityasarna/opi-nvidia-vsp-skeleton/api/vsp/vsp_grpc.pb.go:208.24,210.3 1 0
github.com/adityasarna/opi-nvidia-vsp-skeleton/api/vsp/vsp_grpc.pb.go:211.2,215.77 2 0
github.com/adityasarna/opi-nvidia-vsp-skeleton/api/vsp/vsp_grpc.pb.go:215.77,217.3 1 0
github.com/adityasarna/opi-nvidia-vsp-skeleton/api/vsp/vsp_grpc.pb.go:218.2,218.44 1 0
github.com/adityasarna/opi-nvidia-vsp-skeleton/api/vsp/vsp_grpc.pb.go:258.96,260.2 1 0
github.com/adityasarna/opi-nvidia-vsp-skeleton/api/vsp/vsp_grpc.pb.go:262.139,265.16 3 0
github.com/adityasarna/opi-nvidia-vsp-skeleton/api/vsp/vsp_grpc.pb.go:265.16,267.3 1 0
github.com/adityasarna/opi-nvidia-vsp-skeleton/api/vsp/vsp_grpc.pb.go:268.2,268.17 1 0
github.com/adityasarna/opi-nvidia-vsp-skeleton/api/vsp/vsp_grpc.pb.go:271.139,274.16 3 0
github.com/adityasarna/opi-nvidia-vsp-skeleton/api/vsp/vsp_grpc.pb.go:274.16,276.3 1 0
github.com/adityasarna/opi-nvidia-vsp-skeleton/api/vsp/vsp_grpc.pb.go:277.2,277.17 1 0
github.com/adityasarna/opi-nvidia-vsp-skeleton/api/vsp/vsp_grpc.pb.go:293.117,295.2 1 0
github.com/adityasarna/opi-nvidia-vsp-skeleton/api/vsp/vsp_grpc.pb.go:296.117,298.2 1 0
github.com/adityasarna/opi-nvidia-vsp-skeleton/api/vsp/vsp_grpc.pb.go:299.104,300.2 0 0
github.com/adityasarna/opi-nvidia-vsp-skeleton/api/vsp/vsp_grpc.pb.go:309.102,311.2 1 0
github.com/adityasarna/opi-nvidia-vsp-skeleton/api/vsp/vsp_grpc.pb.go:313.189,315.32 2 0
github.com/adityasarna/opi-nvidia-vsp-skeleton/api/vsp/vsp_grpc.pb.go:315.32,317.3 1 0
github.com/adityasarna/opi-nvidia-vsp-skeleton/api/vsp/vsp_grpc.pb.go:318.2,318.24 1 0
github.com/adityasarna/opi-nvidia-vsp-skeleton/api/vsp/vsp_grpc.pb.go:318.24,320.3 1 0
github.com/adityasarna/opi-nvidia-vsp-skeleton/api/vsp/vsp_grpc.pb.go:321.2,325.77 2 0
github.com/adityasarna/opi-nvidia-vsp-skeleton/api/vsp/vsp_grpc.pb.go:325.77,327.3 1 0
github.com/adityasarna/opi-nvidia-vsp-skeleton/api/vsp/vsp_grpc.pb.go:328.2,328.44 1 0
github.com/adityasarna/opi-nvidia-vsp-skeleton/api/vsp/vsp_grpc.pb.go:331.189,333.32 2 0
github.com/adityasarna/opi-nvidia-vsp-skeleton/api/vsp/vsp_grpc.pb.go:333.32,335.3 1 0
github.com/adityasarna/opi-nvidia-vsp-skeleton/api/vsp/vsp_grpc.pb.go:336.2,336.24 1 0
github.com/adityasarna/opi-nvidia-vsp-skeleton/api/vsp/vsp_grpc.pb.go:336.24,338.3 1 0
github.com/adityasarna/opi-nvidia-vsp-skeleton/api/vsp/vsp_grpc.pb.go:339.2,343.77 2 0
github.com/adityasarna/opi-nvidia-vsp-skeleton/api/vsp/vsp_grpc.pb.go:343.77,345.3 1 0
github.com/adityasarna/opi-nvidia-vsp-skeleton/api/vsp/vsp_grpc.pb.go:346.2,346.44 1 0
github.com/adityasarna/opi-nvidia-vsp-skeleton/api/vsp/vsp_grpc.pb.go:384.98,386.2 1 0
github.com/adityasarna/opi-nvidia-vsp-skeleton/api/vsp/vsp_grpc.pb.go:388.152,391.16 3 0
github.com/adityasarna/opi-nvidia-vsp-skeleton/api/vsp/vsp_grpc.pb.go:391.16,393.3 1 0
github.com/adityasarna/opi-nvidia-vsp-skeleton/api/vsp/vsp_grpc.pb.go:394.2,394.17 1 0
github.com/adityasarna/opi-nvidia-vsp-skeleton/api/vsp/vsp_grpc.pb.go:409.130,411.2 1 0
github.com/adityasarna/opi-nvidia-vsp-skeleton/api/vsp/vsp_grpc.pb.go:412.106,413.2 0 0
github.com/adityasarna/opi-nvidia-vsp-skeleton/api/vsp/vsp_grpc.pb.go:422.104,424.2 1 0
github.com/adityasarna/opi-nvidia-vsp-skeleton/api/vsp/vsp_grpc.pb.go:426.188,428.32 2 0
github.com/adityasarna/opi-nvidia-vsp-skeleton/api/vsp/vsp_grpc.pb.go:428.32,430.3 1 0
github.com/adityasarna/opi-nvidia-vsp-skeleton/api/vsp/vsp_grpc.pb.go:431.2,431.24 1 0
github.com/adityasarna/opi-nvidia-vsp-skeleton/api/vsp/vsp_grpc.pb.go:431.24,433.3 1 0
github.com/adityasarna/opi-nvidia-vsp-skeleton/api/vsp/vsp_grpc.pb.go:434.2,438.77 2 0
github.com/adityasarna/opi-nvidia-vsp-skeleton/api/vsp/vsp_grpc.pb.go:438.77,440.3 1 0
github.com/adityasarna/opi-nvidia-vsp-skeleton/api/vsp/vsp_grpc.pb.go:441.2,441.44 1 0
github.com/adityasarna/opi-nvidia-vsp-skeleton/api/vsp/vsp_grpc.pb.go:475.84,477.2 1 0
github.com/adityasarna/opi-nvidia-vsp-skeleton/api/vsp/vsp_grpc.pb.go:479.125,482.16 3 0
github.com/adityasarna/opi-nvidia-vsp-skeleton/api/vsp/vsp_grpc.pb.go:482.16,484.3 1 0
github.com/adityasarna/opi-nvidia-vsp-skeleton/api/vsp/vsp_grpc.pb.go:485.2,485.17 1 0
github.com/adityasarna/opi-nvidia-vsp-skeleton/api/vsp/vsp_grpc.pb.go:500.103,502.2 1 0
github.com/adityasarna/opi-nvidia-vsp-skeleton/api/vsp/vsp_grpc.pb.go:503.92,503.93 0 0
github.com/adityasarna/opi-nvidia-vsp-skeleton/api/vsp/vsp_grpc.pb.go:512.90,514.2 1 0
github.com/adityasarna/opi-nvidia-vsp-skeleton/api/vsp/vsp_grpc.pb.go:516.166,518.32 2 0
github.com/adityasarna/opi-nvidia-vsp-skeleton/api/vsp/vsp_grpc.pb.go:518.32,520.3 1 0
github.com/adityasarna/opi-nvidia-vsp-skeleton/api/vsp/vsp_grpc.pb.go:521.2,521.24 1 0
github.com/adityasarna/opi-nvidia-vsp-skeleton/api/vsp/vsp_grpc.pb.go:521.24,523.3 1 0
github.com/adityasarna/opi-nvidia-vsp-skeleton/api/vsp/vsp_grpc.pb.go:524.2,528.77 2 0
github.com/adityasarna/opi-nvidia-vsp-skeleton/api/vsp/vsp_grpc.pb.go:528.77,530.3 1 0
github.com/adityasarna/opi-nvidia-vsp-skeleton/api/vsp/vsp_grpc.pb.go:531.2,531.44 1 0
github.com/adityasarna/opi-nvidia-vsp-skeleton/feature_skeleton.go:193.33,195.2 1 1
github.com/adityasarna/opi-nvidia-vsp-skeleton/feature_skeleton.go:198.35,199.33 1 1
github.com/adityasarna/opi-nvidia-vsp-skeleton/feature_skeleton.go:199.33,200.36 1 1
github.com/adityasarna/opi-nvidia-vsp-skeleton/feature_skeleton.go:200.36,202.4 1 1
github.com/adityasarna/opi-nvidia-vsp-skeleton/feature_skeleton.go:204.2,204.14 1 1
github.com/adityasarna/opi-nvidia-vsp-skeleton/feature_skeleton.go:237.48,239.2 1 1
github.com/adityasarna/opi-nvidia-vsp-skeleton/feature_skeleton.go:241.117,245.9 4 1
github.com/adityasarna/opi-nvidia-vsp-skeleton/feature_skeleton.go:245.9,247.3 1 1
github.com/adityasarna/opi-nvidia-vsp-skeleton/feature_skeleton.go:248.2,248.15 1 1
github.com/adityasarna/opi-nvidia-vsp-skeleton/feature_skeleton.go:251.142,255.30 4 1
github.com/adityasarna/opi-nvidia-vsp-skeleton/feature_skeleton.go:255.30,256.68 1 1
github.com/adityasarna/opi-nvidia-vsp-skeleton/feature_skeleton.go:256.68,257.12 1 1
github.com/adityasarna/opi-nvidia-vsp-skeleton/feature_skeleton.go:259.3,260.30 2 1
github.com/adityasarna/opi-nvidia-vsp-skeleton/feature_skeleton.go:260.30,261.24 1 1
github.com/adityasarna/opi-nvidia-vsp-skeleton/feature_skeleton.go:261.24,263.10 2 0
github.com/adityasarna/opi-nvidia-vsp-skeleton/feature_skeleton.go:266.3,266.12 1 1
github.com/adityasarna/opi-nvidia-vsp-skeleton/feature_skeleton.go:266.12,268.4 1 1
github.com/adityasarna/opi-nvidia-vsp-skeleton/feature_skeleton.go:270.2,270.38 1 1
github.com/adityasarna/opi-nvidia-vsp-skeleton/feature_skeleton.go:270.38,270.74 1 1
github.com/adityasarna/opi-nvidia-vsp-skeleton/feature_skeleton.go:271.2,271.17 1 1
github.com/adityasarna/opi-nvidia-vsp-skeleton/feature_skeleton.go:274.75,280.71 3 1
github.com/adityasarna/opi-nvidia-vsp-skeleton/feature_skeleton.go:280.71,282.3 1 1
github.com/adityasarna/opi-nvidia-vsp-skeleton/feature_skeleton.go:283.2,284.12 2 1
github.com/adityasarna/opi-nvidia-vsp-skeleton/feature_skeleton.go:287.107,292.2 4 1
github.com/adityasarna/opi-nvidia-vsp-skeleton/feature_skeleton.go:295.74,298.33 3 1
github.com/adityasarna/opi-nvidia-vsp-skeleton/feature_skeleton.go:298.33,301.3 2 1
github.com/adityasarna/opi-nvidia-vsp-skeleton/feature_skeleton.go:323.67,326.2 2 1
github.com/adityasarna/opi-nvidia-vsp-skeleton/feature_skeleton.go:331.39,333.39 2 1
github.com/adityasarna/opi-nvidia-vsp-skeleton/feature_skeleton.go:333.39,334.10 1 1
github.com/adityasarna/opi-nvidia-vsp-skeleton/feature_skeleton.go:335.51,336.18 1 1
github.com/adityasarna/opi-nvidia-vsp-skeleton/feature_skeleton.go:337.53,338.20 1 1
github.com/adityasarna/opi-nvidia-vsp-skeleton/feature_skeleton.go:341.2,342.19 2 1
github.com/adityasarna/opi-nvidia-vsp-skeleton/feature_skeleton.go:342.19,344.3 1 0
github.com/adityasarna/opi-nvidia-vsp-skeleton/feature_skeleton.go:345.2,345.15 1 1
github.com/adityasarna/opi-nvidia-vsp-skeleton/feature_skeleton.go:345.15,347.3 1 0
github.com/adityasarna/opi-nvidia-vsp-skeleton/feature_skeleton.go:348.2,348.12 1 1
github.com/adityasarna/opi-nvidia-vsp-skeleton/feature_skeleton.go:352.81,359.2 1 1
github.com/adityasarna/opi-nvidia-vsp-skeleton/feature_skeleton.go:387.59,393.42 4 1
github.com/adityasarna/opi-nvidia-vsp-skeleton/feature_skeleton.go:393.42,398.3 1 1
github.com/adityasarna/opi-nvidia-vsp-skeleton/feature_skeleton.go:399.2,414.42 3 1
github.com/adityasarna/opi-nvidia-vsp-skeleton/feature_skeleton.go:414.42,416.45 2 1
github.com/adityasarna/opi-nvidia-vsp-skeleton/feature_skeleton.go:416.45,431.4 3 1
github.com/adityasarna/opi-nvidia-vsp-skeleton/feature_skeleton.go:432.3,435.5 1 1
github.com/adityasarna/opi-nvidia-vsp-skeleton/feature_skeleton.go:439.2,451.26 2 1
github.com/adityasarna/opi-nvidia-vsp-skeleton/feature_skeleton.go:451.26,459.3 1 1
github.com/adityasarna/opi-nvidia-vsp-skeleton/feature_skeleton.go:460.2,460.13 1 1
github.com/adityasarna/opi-nvidia-vsp-skeleton/feature_skeleton.go:465.55,468.2 2 1
github.com/adityasarna/opi-nvidia-vsp-skeleton/feature_skeleton.go:473.63,479.43 5 1
github.com/adityasarna/opi-nvidia-vsp-skeleton/feature_skeleton.go:479.43,491.3 1 1
github.com/adityasarna/opi-nvidia-vsp-skeleton/feature_skeleton.go:492.2,505.4 1 1
github.com/adityasarna/opi-nvidia-vsp-skeleton/feature_skeleton.go:545.52,555.2 1 1
github.com/adityasarna/opi-nvidia-vsp-skeleton/feature_skeleton.go:574.107,576.2 1 1
github.com/adityasarna/opi-nvidia-vsp-skeleton/feature_skeleton.go:583.80,584.17 1 1
github.com/adityasarna/opi-nvidia-vsp-skeleton/feature_skeleton.go:584.17,586.3 1 1
github.com/adityasarna/opi-nvidia-vsp-skeleton/feature_skeleton.go:587.2,588.16 2 1
github.com/adityasarna/opi-nvidia-vsp-skeleton/feature_skeleton.go:588.16,590.3 1 0
github.com/adityasarna/opi-nvidia-vsp-skeleton/feature_skeleton.go:591.2,591.25 1 1
github.com/adityasarna/opi-nvidia-vsp-skeleton/feature_skeleton.go:591.25,592.58 1 1
github.com/adityasarna/opi-nvidia-vsp-skeleton/feature_skeleton.go:592.58,598.4 5 1
github.com/adityasarna/opi-nvidia-vsp-skeleton/feature_skeleton.go:600.2,601.41 1 1
github.com/adityasarna/opi-nvidia-vsp-skeleton/feature_skeleton.go:606.81,608.16 2 1
github.com/adityasarna/opi-nvidia-vsp-skeleton/feature_skeleton.go:608.16,610.3 1 0
github.com/adityasarna/opi-nvidia-vsp-skeleton/feature_skeleton.go:611.2,612.25 2 1
github.com/adityasarna/opi-nvidia-vsp-skeleton/feature_skeleton.go:612.25,613.58 1 1
github.com/adityasarna/opi-nvidia-vsp-skeleton/feature_skeleton.go:613.58,615.9 2 1
github.com/adityasarna/opi-nvidia-vsp-skeleton/feature_skeleton.go:618.2,619.16 2 1
github.com/adityasarna/opi-nvidia-vsp-skeleton/feature_skeleton.go:619.16,621.3 1 0
github.com/adityasarna/opi-nvidia-vsp-skeleton/feature_skeleton.go:622.2,623.17 2 1
github.com/adityasarna/opi-nvidia-vsp-skeleton/feature_skeleton.go:623.17,625.3 1 1
github.com/adityasarna/opi-nvidia-vsp-skeleton/feature_skeleton.go:626.2,627.27 2 1
github.com/adityasarna/opi-nvidia-vsp-skeleton/feature_skeleton.go:627.27,629.3 1 1
github.com/adityasarna/opi-nvidia-vsp-skeleton/feature_skeleton.go:630.2,630.18 1 1
github.com/adityasarna/opi-nvidia-vsp-skeleton/feature_skeleton.go:637.82,638.64 1 1
github.com/adityasarna/opi-nvidia-vsp-skeleton/feature_skeleton.go:638.64,641.3 1 1
github.com/adityasarna/opi-nvidia-vsp-skeleton/feature_skeleton.go:642.2,649.46 2 1
github.com/adityasarna/opi-nvidia-vsp-skeleton/feature_skeleton.go:649.46,651.3 1 0
github.com/adityasarna/opi-nvidia-vsp-skeleton/feature_skeleton.go:653.2,654.34 2 1
github.com/adityasarna/opi-nvidia-vsp-skeleton/feature_skeleton.go:654.34,655.35 1 1
github.com/adityasarna/opi-nvidia-vsp-skeleton/feature_skeleton.go:655.35,657.4 1 0
github.com/adityasarna/opi-nvidia-vsp-skeleton/feature_skeleton.go:658.3,659.50 2 1
github.com/adityasarna/opi-nvidia-vsp-skeleton/feature_skeleton.go:659.50,661.4 1 1
github.com/adityasarna/opi-nvidia-vsp-skeleton/feature_skeleton.go:662.3,662.33 1 0
github.com/adityasarna/opi-nvidia-vsp-skeleton/feature_skeleton.go:665.2,667.40 2 0
github.com/adityasarna/opi-nvidia-vsp-skeleton/feature_skeleton.go:675.85,677.35 2 1
github.com/adityasarna/opi-nvidia-vsp-skeleton/feature_skeleton.go:677.35,678.47 1 1
github.com/adityasarna/opi-nvidia-vsp-skeleton/feature_skeleton.go:678.47,680.4 1 0
github.com/adityasarna/opi-nvidia-vsp-skeleton/feature_skeleton.go:682.2,684.34 3 1
github.com/adityasarna/opi-nvidia-vsp-skeleton/feature_skeleton.go:684.34,685.35 1 1
github.com/adityasarna/opi-nvidia-vsp-skeleton/feature_skeleton.go:685.35,687.4 1 0
github.com/adityasarna/opi-nvidia-vsp-skeleton/feature_skeleton.go:688.3,689.36 2 1
github.com/adityasarna/opi-nvidia-vsp-skeleton/feature_skeleton.go:689.36,691.4 1 1
github.com/adityasarna/opi-nvidia-vsp-skeleton/feature_skeleton.go:692.3,692.33 1 1
github.com/adityasarna/opi-nvidia-vsp-skeleton/feature_skeleton.go:694.2,694.104 1 1
github.com/adityasarna/opi-nvidia-vsp-skeleton/feature_skeleton.go:699.85,701.35 2 1
github.com/adityasarna/opi-nvidia-vsp-skeleton/feature_skeleton.go:701.35,702.77 1 1
github.com/adityasarna/opi-nvidia-vsp-skeleton/feature_skeleton.go:702.77,704.4 1 0
github.com/adityasarna/opi-nvidia-vsp-skeleton/feature_skeleton.go:706.2,706.12 1 1
github.com/adityasarna/opi-nvidia-vsp-skeleton/feature_skeleton.go:713.97,721.24 2 0
github.com/adityasarna/opi-nvidia-vsp-skeleton/feature_skeleton.go:721.24,723.3 1 0
github.com/adityasarna/opi-nvidia-vsp-skeleton/feature_skeleton.go:724.2,724.30 1 0
github.com/adityasarna/opi-nvidia-vsp-skeleton/feature_skeleton.go:730.84,739.2 4 1
github.com/adityasarna/opi-nvidia-vsp-skeleton/feature_skeleton.go:744.45,748.2 3 1
github.com/adityasarna/opi-nvidia-vsp-skeleton/feature_skeleton.go:772.41,774.52 2 1
github.com/adityasarna/opi-nvidia-vsp-skeleton/feature_skeleton.go:774.52,776.3 1 1
github.com/adityasarna/opi-nvidia-vsp-skeleton/feature_skeleton.go:777.2,777.23 1 1
github.com/adityasarna/opi-nvidia-vsp-skeleton/feature_skeleton.go:777.23,779.3 1 1
github.com/adityasarna/opi-nvidia-vsp-skeleton/feature_skeleton.go:780.2,780.10 1 1
github.com/adityasarna/opi-nvidia-vsp-skeleton/feature_skeleton.go:788.45,789.31 1 1
github.com/adityasarna/opi-nvidia-vsp-skeleton/feature_skeleton.go:789.31,790.25 1 1
github.com/adityasarna/opi-nvidia-vsp-skeleton/feature_skeleton.go:790.25,792.4 1 1
github.com/adityasarna/opi-nvidia-vsp-skeleton/feature_skeleton.go:794.2,794.14 1 1
github.com/adityasarna/opi-nvidia-vsp-skeleton/feature_skeleton.go:797.49,798.30 1 1
github.com/adityasarna/opi-nvidia-vsp-skeleton/feature_skeleton.go:798.30,800.3 1 1
github.com/adityasarna/opi-nvidia-vsp-skeleton/feature_skeleton.go:801.2,801.42 1 1
github.com/adityasarna/opi-nvidia-vsp-skeleton/feature_skeleton.go:804.52,806.31 2 1
github.com/adityasarna/opi-nvidia-vsp-skeleton/feature_skeleton.go:806.31,807.25 1 1
github.com/adityasarna/opi-nvidia-vsp-skeleton/feature_skeleton.go:807.25,809.4 1 0
github.com/adityasarna/opi-nvidia-vsp-skeleton/feature_skeleton.go:811.2,811.12 1 1
github.com/adityasarna/opi-nvidia-vsp-skeleton/feature_skeleton.go:829.85,831.16 2 1
github.com/adityasarna/opi-nvidia-vsp-skeleton/feature_skeleton.go:831.16,832.34 1 0
github.com/adityasarna/opi-nvidia-vsp-skeleton/feature_skeleton.go:832.34,834.4 1 0
github.com/adityasarna/opi-nvidia-vsp-skeleton/feature_skeleton.go:835.3,835.36 1 0
github.com/adityasarna/opi-nvidia-vsp-skeleton/feature_skeleton.go:838.2,840.13 2 1
github.com/adityasarna/opi-nvidia-vsp-skeleton/feature_skeleton.go:840.13,844.17 2 1
github.com/adityasarna/opi-nvidia-vsp-skeleton/feature_skeleton.go:844.17,846.4 1 0
github.com/adityasarna/opi-nvidia-vsp-skeleton/feature_skeleton.go:847.3,847.120 1 1
github.com/adityasarna/opi-nvidia-vsp-skeleton/feature_skeleton.go:847.120,849.18 2 1
github.com/adityasarna/opi-nvidia-vsp-skeleton/feature_skeleton.go:849.18,851.5 1 0
github.com/adityasarna/opi-nvidia-vsp-skeleton/feature_skeleton.go:852.4,852.27 1 1
github.com/adityasarna/opi-nvidia-vsp-skeleton/feature_skeleton.go:852.27,853.73 1 1
github.com/adityasarna/opi-nvidia-vsp-skeleton/feature_skeleton.go:853.73,855.6 1 0
github.com/adityasarna/opi-nvidia-vsp-skeleton/feature_skeleton.go:858.3,858.21 1 1
github.com/adityasarna/opi-nvidia-vsp-skeleton/feature_skeleton.go:858.21,862.4 1 1
github.com/adityasarna/opi-nvidia-vsp-skeleton/feature_skeleton.go:863.3,863.23 1 1
github.com/adityasarna/opi-nvidia-vsp-skeleton/feature_skeleton.go:867.2,868.35 2 1
github.com/adityasarna/opi-nvidia-vsp-skeleton/feature_skeleton.go:868.35,869.47 1 1
github.com/adityasarna/opi-nvidia-vsp-skeleton/feature_skeleton.go:869.47,871.4 1 0
github.com/adityasarna/opi-nvidia-vsp-skeleton/feature_skeleton.go:875.2,876.16 2 1
github.com/adityasarna/opi-nvidia-vsp-skeleton/feature_skeleton.go:876.16,878.3 1 0
github.com/adityasarna/opi-nvidia-vsp-skeleton/feature_skeleton.go:879.2,879.56 1 1
github.com/adityasarna/opi-nvidia-vsp-skeleton/feature_skeleton.go:879.56,881.3 1 0
github.com/adityasarna/opi-nvidia-vsp-skeleton/feature_skeleton.go:882.2,882.15 1 1
github.com/adityasarna/opi-nvidia-vsp-skeleton/feature_skeleton.go:882.15,884.3 1 1
github.com/adityasarna/opi-nvidia-vsp-skeleton/feature_skeleton.go:885.2,885.22 1 1
github.com/adityasarna/opi-nvidia-vsp-skeleton/feature_skeleton.go:889.111,891.16 2 1
github.com/adityasarna/opi-nvidia-vsp-skeleton/feature_skeleton.go:891.16,893.3 1 0
github.com/adityasarna/opi-nvidia-vsp-skeleton/feature_skeleton.go:894.2,895.16 2 1
github.com/adityasarna/opi-nvidia-vsp-skeleton/feature_skeleton.go:895.16,897.3 1 0
github.com/adityasarna/opi-nvidia-vsp-skeleton/feature_skeleton.go:898.2,899.48 2 1
github.com/adityasarna/opi-nvidia-vsp-skeleton/feature_skeleton.go:899.48,900.19 1 1
github.com/adityasarna/opi-nvidia-vsp-skeleton/feature_skeleton.go:900.19,902.9 2 1
github.com/adityasarna/opi-nvidia-vsp-skeleton/feature_skeleton.go:905.2,910.15 2 1
github.com/adityasarna/opi-nvidia-vsp-skeleton/feature_skeleton.go:910.15,913.3 2 1
github.com/adityasarna/opi-nvidia-vsp-skeleton/feature_skeleton.go:914.2,914.41 1 1
github.com/adityasarna/opi-nvidia-vsp-skeleton/feature_skeleton.go:952.45,953.9 1 1
github.com/adityasarna/opi-nvidia-vsp-skeleton/feature_skeleton.go:954.22,955.21 1 1
github.com/adityasarna/opi-nvidia-vsp-skeleton/feature_skeleton.go:956.45,957.22 1 1
github.com/adityasarna/opi-nvidia-vsp-skeleton/feature_skeleton.go:958.46,959.27 1 1
github.com/adityasarna/opi-nvidia-vsp-skeleton/feature_skeleton.go:960.49,961.22 1 1
github.com/adityasarna/opi-nvidia-vsp-skeleton/feature_skeleton.go:962.50,963.27 1 1
github.com/adityasarna/opi-nvidia-vsp-skeleton/feature_skeleton.go:964.10,965.22 1 1
github.com/adityasarna/opi-nvidia-vsp-skeleton/feature_skeleton.go:984.113,986.16 2 0
github.com/adityasarna/opi-nvidia-vsp-skeleton/feature_skeleton.go:986.16,988.3 1 0
github.com/adityasarna/opi-nvidia-vsp-skeleton/feature_skeleton.go:989.2,991.9 2 0
github.com/adityasarna/opi-nvidia-vsp-skeleton/feature_skeleton.go:992.51,993.42 1 0
github.com/adityasarna/opi-nvidia-vsp-skeleton/feature_skeleton.go:993.42,995.4 1 0
github.com/adityasarna/opi-nvidia-vsp-skeleton/feature_skeleton.go:996.3,996.104 1 0
github.com/adityasarna/opi-nvidia-vsp-skeleton/feature_skeleton.go:998.26,1001.104 1 0
github.com/adityasarna/opi-nvidia-vsp-skeleton/feature_skeleton.go:1003.28,1004.40 1 0
github.com/adityasarna/opi-nvidia-vsp-skeleton/feature_skeleton.go:1004.40,1006.4 1 0
github.com/adityasarna/opi-nvidia-vsp-skeleton/feature_skeleton.go:1007.3,1008.47 1 0
github.com/adityasarna/opi-nvidia-vsp-skeleton/feature_skeleton.go:1010.52,1011.103 1 0
github.com/adityasarna/opi-nvidia-vsp-skeleton/feature_skeleton.go:1013.29,1015.94 1 0
github.com/adityasarna/opi-nvidia-vsp-skeleton/feature_skeleton.go:1017.10,1020.17 1 0
github.com/adityasarna/opi-nvidia-vsp-skeleton/feature_skeleton.go:1038.107,1040.16 2 1
github.com/adityasarna/opi-nvidia-vsp-skeleton/feature_skeleton.go:1040.16,1042.3 1 0
github.com/adityasarna/opi-nvidia-vsp-skeleton/feature_skeleton.go:1044.2,1045.8 2 1
github.com/adityasarna/opi-nvidia-vsp-skeleton/feature_skeleton.go:1045.8,1046.63 1 1
github.com/adityasarna/opi-nvidia-vsp-skeleton/feature_skeleton.go:1046.63,1053.4 1 1
github.com/adityasarna/opi-nvidia-vsp-skeleton/feature_skeleton.go:1056.2,1057.33 2 1
github.com/adityasarna/opi-nvidia-vsp-skeleton/feature_skeleton.go:1057.33,1059.3 1 1
github.com/adityasarna/opi-nvidia-vsp-skeleton/feature_skeleton.go:1060.2,1065.15 1 1
github.com/adityasarna/opi-nvidia-vsp-skeleton/feature_skeleton.go:1078.162,1080.30 1 1
github.com/adityasarna/opi-nvidia-vsp-skeleton/feature_skeleton.go:1080.30,1082.3 1 1
github.com/adityasarna/opi-nvidia-vsp-skeleton/feature_skeleton.go:1085.2,1086.16 2 1
github.com/adityasarna/opi-nvidia-vsp-skeleton/feature_skeleton.go:1086.16,1088.3 1 0
github.com/adityasarna/opi-nvidia-vsp-skeleton/feature_skeleton.go:1089.2,1089.13 1 1
github.com/adityasarna/opi-nvidia-vsp-skeleton/feature_skeleton.go:1089.13,1097.3 1 1
github.com/adityasarna/opi-nvidia-vsp-skeleton/feature_skeleton.go:1100.2,1108.25 2 1
github.com/adityasarna/opi-nvidia-vsp-skeleton/feature_skeleton.go:1108.25,1110.3 1 1
github.com/adityasarna/opi-nvidia-vsp-skeleton/feature_skeleton.go:1113.2,1117.16 3 1
github.com/adityasarna/opi-nvidia-vsp-skeleton/feature_skeleton.go:1117.16,1119.3 1 0
github.com/adityasarna/opi-nvidia-vsp-skeleton/feature_skeleton.go:1121.2,1122.24 2 1
github.com/adityasarna/opi-nvidia-vsp-skeleton/api/vsp/vsp.pb.go:32.25,34.29 2 1
github.com/adityasarna/opi-nvidia-vsp-skeleton/api/vsp/vsp.pb.go:34.29,38.3 3 1
github.com/adityasarna/opi-nvidia-vsp-skeleton/api/vsp/vsp.pb.go:41.33,43.2 1 0
github.com/adityasarna/opi-nvidia-vsp-skeleton/api/vsp/vsp.pb.go:45.31,45.32 0 0
github.com/adityasarna/opi-nvidia-vsp-skeleton/api/vsp/vsp.pb.go:47.53,49.41 2 1
github.com/adityasarna/opi-nvidia-vsp-skeleton/api/vsp/vsp.pb.go:49.41,51.34 2 1
github.com/adityasarna/opi-nvidia-vsp-skeleton/api/vsp/vsp.pb.go:51.34,53.4 1 1
github.com/adityasarna/opi-nvidia-vsp-skeleton/api/vsp/vsp.pb.go:54.3,54.12 1 1
github.com/adityasarna/opi-nvidia-vsp-skeleton/api/vsp/vsp.pb.go:56.2,56.24 1 0
github.com/adityasarna/opi-nvidia-vsp-skeleton/api/vsp/vsp.pb.go:60.44,62.2 1 0
github.com/adityasarna/opi-nvidia-vsp-skeleton/api/vsp/vsp.pb.go:73.31,75.29 2 1
github.com/adityasarna/opi-nvidia-vsp-skeleton/api/vsp/vsp.pb.go:75.29,79.3 3 1
github.com/adityasarna/opi-nvidia-vsp-skeleton/api/vsp/vsp.pb.go:82.39,84.2 1 0
github.com/adityasarna/opi-nvidia-vsp-skeleton/api/vsp/vsp.pb.go:86.37,86.38 0 0
github.com/adityasarna/opi-nvidia-vsp-skeleton/api/vsp/vsp.pb.go:88.59,90.41 2 1
github.com/adityasarna/opi-nvidia-vsp-skeleton/api/vsp/vsp.pb.go:90.41,92.34 2 1
github.com/adityasarna/opi-nvidia-vsp-skeleton/api/vsp/vsp.pb.go:92.34,94.4 1 1
github.com/adityasarna/opi-nvidia-vsp-skeleton/api/vsp/vsp.pb.go:95.3,95.12 1 1
github.com/adityasarna/opi-nvidia-vsp-skeleton/api/vsp/vsp.pb.go:97.2,97.24 1 0
github.com/adityasarna/opi-nvidia-vsp-skeleton/api/vsp/vsp.pb.go:101.50,103.2 1 0
github.com/adityasarna/opi-nvidia-vsp-skeleton/api/vsp/vsp.pb.go:105.41,106.14 1 1
github.com/adityasarna/opi-nvidia-vsp-skeleton/api/vsp/vsp.pb.go:106.14,108.3 1 1
github.com/adityasarna/opi-nvidia-vsp-skeleton/api/vsp/vsp.pb.go:109.2,109.14 1 0
github.com/adityasarna/opi-nvidia-vsp-skeleton/api/vsp/vsp.pb.go:112.49,113.14 1 1
github.com/adityasarna/opi-nvidia-vsp-skeleton/api/vsp/vsp.pb.go:113.14,115.3 1 1
github.com/adityasarna/opi-nvidia-vsp-skeleton/api/vsp/vsp.pb.go:116.2,116.11 1 0
github.com/adityasarna/opi-nvidia-vsp-skeleton/api/vsp/vsp.pb.go:128.26,130.29 2 1
github.com/adityasarna/opi-nvidia-vsp-skeleton/api/vsp/vsp.pb.go:130.29,134.3 3 1
github.com/adityasarna/opi-nvidia-vsp-skeleton/api/vsp/vsp.pb.go:137.34,139.2 1 0
github.com/adityasarna/opi-nvidia-vsp-skeleton/api/vsp/vsp.pb.go:141.32,141.33 0 0
github.com/adityasarna/opi-nvidia-vsp-skeleton/api/vsp/vsp.pb.go:143.54,145.41 2 1
github.com/adityasarna/opi-nvidia-vsp-skeleton/api/vsp/vsp.pb.go:145.41,147.34 2 1
github.com/adityasarna/opi-nvidia-vsp-skeleton/api/vsp/vsp.pb.go:147.34,149.4 1 1
github.com/adityasarna/opi-nvidia-vsp-skeleton/api/vsp/vsp.pb.go:150.3,150.12 1 1
github.com/adityasarna/opi-nvidia-vsp-skeleton/api/vsp/vsp.pb.go:152.2,152.24 1 0
github.com/adityasarna/opi-nvidia-vsp-skeleton/api/vsp/vsp.pb.go:156.45,158.2 1 0
github.com/adityasarna/opi-nvidia-vsp-skeleton/api/vsp/vsp.pb.go:160.33,161.14 1 0
github.com/adityasarna/opi-nvidia-vsp-skeleton/api/vsp/vsp.pb.go:161.14,163.3 1 0
github.com/adityasarna/opi-nvidia-vsp-skeleton/api/vsp/vsp.pb.go:164.2,164.11 1 0
github.com/adityasarna/opi-nvidia-vsp-skeleton/api/vsp/vsp.pb.go:167.34,168.14 1 1
github.com/adityasarna/opi-nvidia-vsp-skeleton/api/vsp/vsp.pb.go:168.14,170.3 1 1
github.com/adityasarna/opi-nvidia-vsp-skeleton/api/vsp/vsp.pb.go:171.2,171.10 1 0
github.com/adityasarna/opi-nvidia-vsp-skeleton/api/vsp/vsp.pb.go:182.27,184.29 2 0
github.com/adityasarna/opi-nvidia-vsp-skeleton/api/vsp/vsp.pb.go:184.29,188.3 3 0
github.com/adityasarna/opi-nvidia-vsp-skeleton/api/vsp/vsp.pb.go:191.35,193.2 1 0
github.com/adityasarna/opi-nvidia-vsp-skeleton/api/vsp/vsp.pb.go:195.33,195.34 0 0
github.com/adityasarna/opi-nvidia-vsp-skeleton/api/vsp/vsp.pb.go:197.55,199.41 2 0
github.com/adityasarna/opi-nvidia-vsp-skeleton/api/vsp/vsp.pb.go:199.41,201.34 2 0
github.com/adityasarna/opi-nvidia-vsp-skeleton/api/vsp/vsp.pb.go:201.34,203.4 1 0
github.com/adityasarna/opi-nvidia-vsp-skeleton/api/vsp/vsp.pb.go:204.3,204.12 1 0
github.com/adityasarna/opi-nvidia-vsp-skeleton/api/vsp/vsp.pb.go:206.2,206.24 1 0
github.com/adityasarna/opi-nvidia-vsp-skeleton/api/vsp/vsp.pb.go:210.46,212.2 1 0
github.com/adityasarna/opi-nvidia-vsp-skeleton/api/vsp/vsp.pb.go:214.36,215.14 1 0
github.com/adityasarna/opi-nvidia-vsp-skeleton/api/vsp/vsp.pb.go:215.14,217.3 1 0
github.com/adityasarna/opi-nvidia-vsp-skeleton/api/vsp/vsp.pb.go:218.2,218.10 1 0
github.com/adityasarna/opi-nvidia-vsp-skeleton/api/vsp/vsp.pb.go:229.32,231.29 2 0
github.com/adityasarna/opi-nvidia-vsp-skeleton/api/vsp/vsp.pb.go:231.29,235.3 3 0
github.com/adityasarna/opi-nvidia-vsp-skeleton/api/vsp/vsp.pb.go:238.40,240.2 1 0
github.com/adityasarna/opi-nvidia-vsp-skeleton/api/vsp/vsp.pb.go:242.38,242.39 0 0
github.com/adityasarna/opi-nvidia-vsp-skeleton/api/vsp/vsp.pb.go:244.60,246.41 2 1
github.com/adityasarna/opi-nvidia-vsp-skeleton/api/vsp/vsp.pb.go:246.41,248.34 2 0
github.com/adityasarna/opi-nvidia-vsp-skeleton/api/vsp/vsp.pb.go:248.34,250.4 1 0
github.com/adityasarna/opi-nvidia-vsp-skeleton/api/vsp/vsp.pb.go:251.3,251.12 1 0
github.com/adityasarna/opi-nvidia-vsp-skeleton/api/vsp/vsp.pb.go:253.2,253.24 1 1
github.com/adityasarna/opi-nvidia-vsp-skeleton/api/vsp/vsp.pb.go:257.51,259.2 1 0
github.com/adityasarna/opi-nvidia-vsp-skeleton/api/vsp/vsp.pb.go:261.41,262.14 1 0
github.com/adityasarna/opi-nvidia-vsp-skeleton/api/vsp/vsp.pb.go:262.14,264.3 1 0
github.com/adityasarna/opi-nvidia-vsp-skeleton/api/vsp/vsp.pb.go:265.2,265.11 1 0
github.com/adityasarna/opi-nvidia-vsp-skeleton/api/vsp/vsp.pb.go:278.26,280.29 2 0
github.com/adityasarna/opi-nvidia-vsp-skeleton/api/vsp/vsp.pb.go:280.29,284.3 3 0
github.com/adityasarna/opi-nvidia-vsp-skeleton/api/vsp/vsp.pb.go:287.34,289.2 1 0
github.com/adityasarna/opi-nvidia-vsp-skeleton/api/vsp/vsp.pb.go:291.32,291.33 0 0
github.com/adityasarna/opi-nvidia-vsp-skeleton/api/vsp/vsp.pb.go:293.54,295.41 2 1
github.com/adityasarna/opi-nvidia-vsp-skeleton/api/vsp/vsp.pb.go:295.41,297.34 2 1
github.com/adityasarna/opi-nvidia-vsp-skeleton/api/vsp/vsp.pb.go:297.34,299.4 1 1
github.com/adityasarna/opi-nvidia-vsp-skeleton/api/vsp/vsp.pb.go:300.3,300.12 1 1
github.com/adityasarna/opi-nvidia-vsp-skeleton/api/vsp/vsp.pb.go:302.2,302.24 1 1
github.com/adityasarna/opi-nvidia-vsp-skeleton/api/vsp/vsp.pb.go:306.45,308.2 1 0
github.com/adityasarna/opi-nvidia-vsp-skeleton/api/vsp/vsp.pb.go:310.33,311.14 1 0
github.com/adityasarna/opi-nvidia-vsp-skeleton/api/vsp/vsp.pb.go:311.14,313.3 1 0
github.com/adityasarna/opi-nvidia-vsp-skeleton/api/vsp/vsp.pb.go:314.2,314.11 1 0
github.com/adityasarna/opi-nvidia-vsp-skeleton/api/vsp/vsp.pb.go:317.37,318.14 1 0
github.com/adityasarna/opi-nvidia-vsp-skeleton/api/vsp/vsp.pb.go:318.14,320.3 1 0
github.com/adityasarna/opi-nvidia-vsp-skeleton/api/vsp/vsp.pb.go:321.2,321.11 1 0
github.com/adityasarna/opi-nvidia-vsp-skeleton/api/vsp/vsp.pb.go:324.46,325.14 1 0
github.com/adityasarna/opi-nvidia-vsp-skeleton/api/vsp/vsp.pb.go:325.14,327.3 1 0
github.com/adityasarna/opi-nvidia-vsp-skeleton/api/vsp/vsp.pb.go:328.2,328.12 1 0
github.com/adityasarna/opi-nvidia-vsp-skeleton/api/vsp/vsp.pb.go:339.38,341.29 2 1
github.com/adityasarna/opi-nvidia-vsp-skeleton/api/vsp/vsp.pb.go:341.29,345.3 3 1
github.com/adityasarna/opi-nvidia-vsp-skeleton/api/vsp/vsp.pb.go:348.46,350.2 1 0
github.com/adityasarna/opi-nvidia-vsp-skeleton/api/vsp/vsp.pb.go:352.44,352.45 0 0
github.com/adityasarna/opi-nvidia-vsp-skeleton/api/vsp/vsp.pb.go:354.66,356.41 2 1
github.com/adityasarna/opi-nvidia-vsp-skeleton/api/vsp/vsp.pb.go:356.41,358.34 2 1
github.com/adityasarna/opi-nvidia-vsp-skeleton/api/vsp/vsp.pb.go:358.34,360.4 1 1
github.com/adityasarna/opi-nvidia-vsp-skeleton/api/vsp/vsp.pb.go:361.3,361.12 1 1
github.com/adityasarna/opi-nvidia-vsp-skeleton/api/vsp/vsp.pb.go:363.2,363.24 1 0
github.com/adityasarna/opi-nvidia-vsp-skeleton/api/vsp/vsp.pb.go:367.57,369.2 1 0
github.com/adityasarna/opi-nvidia-vsp-skeleton/api/vsp/vsp.pb.go:371.62,372.14 1 1
github.com/adityasarna/opi-nvidia-vsp-skeleton/api/vsp/vsp.pb.go:372.14,374.3 1 1
github.com/adityasarna/opi-nvidia-vsp-skeleton/api/vsp/vsp.pb.go:375.2,375.12 1 0
github.com/adityasarna/opi-nvidia-vsp-skeleton/api/vsp/vsp.pb.go:388.29,390.29 2 1
github.com/adityasarna/opi-nvidia-vsp-skeleton/api/vsp/vsp.pb.go:390.29,394.3 3 1
github.com/adityasarna/opi-nvidia-vsp-skeleton/api/vsp/vsp.pb.go:397.37,399.2 1 0
github.com/adityasarna/opi-nvidia-vsp-skeleton/api/vsp/vsp.pb.go:401.35,401.36 0 0
github.com/adityasarna/opi-nvidia-vsp-skeleton/api/vsp/vsp.pb.go:403.57,405.41 2 1
github.com/adityasarna/opi-nvidia-vsp-skeleton/api/vsp/vsp.pb.go:405.41,407.34 2 1
github.com/adityasarna/opi-nvidia-vsp-skeleton/api/vsp/vsp.pb.go:407.34,409.4 1 1
github.com/adityasarna/opi-nvidia-vsp-skeleton/api/vsp/vsp.pb.go:410.3,410.12 1 1
github.com/adityasarna/opi-nvidia-vsp-skeleton/api/vsp/vsp.pb.go:412.2,412.24 1 0
github.com/adityasarna/opi-nvidia-vsp-skeleton/api/vsp/vsp.pb.go:416.48,418.2 1 0
github.com/adityasarna/opi-nvidia-vsp-skeleton/api/vsp/vsp.pb.go:420.39,421.14 1 1
github.com/adityasarna/opi-nvidia-vsp-skeleton/api/vsp/vsp.pb.go:421.14,423.3 1 1
github.com/adityasarna/opi-nvidia-vsp-skeleton/api/vsp/vsp.pb.go:424.2,424.11 1 0
github.com/adityasarna/opi-nvidia-vsp-skeleton/api/vsp/vsp.pb.go:427.40,428.14 1 1
github.com/adityasarna/opi-nvidia-vsp-skeleton/api/vsp/vsp.pb.go:428.14,430.3 1 1
github.com/adityasarna/opi-nvidia-vsp-skeleton/api/vsp/vsp.pb.go:431.2,431.11 1 0
github.com/adityasarna/opi-nvidia-vsp-skeleton/api/vsp/vsp.pb.go:434.42,435.14 1 1
github.com/adityasarna/opi-nvidia-vsp-skeleton/api/vsp/vsp.pb.go:435.14,437.3 1 1
github.com/adityasarna/opi-nvidia-vsp-skeleton/api/vsp/vsp.pb.go:438.2,438.11 1 0
github.com/adityasarna/opi-nvidia-vsp-skeleton/api/vsp/vsp.pb.go:449.43,451.29 2 0
github.com/adityasarna/opi-nvidia-vsp-skeleton/api/vsp/vsp.pb.go:451.29,455.3 3 0
github.com/adityasarna/opi-nvidia-vsp-skeleton/api/vsp/vsp.pb.go:458.51,460.2 1 0
github.com/adityasarna/opi-nvidia-vsp-skeleton/api/vsp/vsp.pb.go:462.49,462.50 0 0
github.com/adityasarna/opi-nvidia-vsp-skeleton/api/vsp/vsp.pb.go:464.71,466.41 2 0
github.com/adityasarna/opi-nvidia-vsp-skeleton/api/vsp/vsp.pb.go:466.41,468.34 2 0
github.com/adityasarna/opi-nvidia-vsp-skeleton/api/vsp/vsp.pb.go:468.34,470.4 1 0
github.com/adityasarna/opi-nvidia-vsp-skeleton/api/vsp/vsp.pb.go:471.3,471.12 1 0
github.com/adityasarna/opi-nvidia-vsp-skeleton/api/vsp/vsp.pb.go:473.2,473.24 1 0
github.com/adityasarna/opi-nvidia-vsp-skeleton/api/vsp/vsp.pb.go:477.62,479.2 1 0
github.com/adityasarna/opi-nvidia-vsp-skeleton/api/vsp/vsp.pb.go:481.59,482.14 1 0
github.com/adityasarna/opi-nvidia-vsp-skeleton/api/vsp/vsp.pb.go:482.14,484.3 1 0
github.com/adityasarna/opi-nvidia-vsp-skeleton/api/vsp/vsp.pb.go:485.2,485.14 1 0
github.com/adityasarna/opi-nvidia-vsp-skeleton/api/vsp/vsp.pb.go:497.31,499.29 2 1
github.com/adityasarna/opi-nvidia-vsp-skeleton/api/vsp/vsp.pb.go:499.29,503.3 3 1
github.com/adityasarna/opi-nvidia-vsp-skeleton/api/vsp/vsp.pb.go:506.39,508.2 1 0
github.com/adityasarna/opi-nvidia-vsp-skeleton/api/vsp/vsp.pb.go:510.37,510.38 0 0
github.com/adityasarna/opi-nvidia-vsp-skeleton/api/vsp/vsp.pb.go:512.59,514.41 2 1
github.com/adityasarna/opi-nvidia-vsp-skeleton/api/vsp/vsp.pb.go:514.41,516.34 2 1
github.com/adityasarna/opi-nvidia-vsp-skeleton/api/vsp/vsp.pb.go:516.34,518.4 1 1
github.com/adityasarna/opi-nvidia-vsp-skeleton/api/vsp/vsp.pb.go:519.3,519.12 1 1
github.com/adityasarna/opi-nvidia-vsp-skeleton/api/vsp/vsp.pb.go:521.2,521.24 1 0
github.com/adityasarna/opi-nvidia-vsp-skeleton/api/vsp/vsp.pb.go:525.50,527.2 1 0
github.com/adityasarna/opi-nvidia-vsp-skeleton/api/vsp/vsp.pb.go:529.44,530.14 1 1
github.com/adityasarna/opi-nvidia-vsp-skeleton/api/vsp/vsp.pb.go:530.14,532.3 1 1
github.com/adityasarna/opi-nvidia-vsp-skeleton/api/vsp/vsp.pb.go:533.2,533.10 1 0
github.com/adityasarna/opi-nvidia-vsp-skeleton/api/vsp/vsp.pb.go:536.44,537.14 1 1
github.com/adityasarna/opi-nvidia-vsp-skeleton/api/vsp/vsp.pb.go:537.14,539.3 1 1
github.com/adityasarna/opi-nvidia-vsp-skeleton/api/vsp/vsp.pb.go:540.2,540.11 1 0
github.com/adityasarna/opi-nvidia-vsp-skeleton/api/vsp/vsp.pb.go:553.32,555.29 2 1
github.com/adityasarna/opi-nvidia-vsp-skeleton/api/vsp/vsp.pb.go:555.29,559.3 3 1
github.com/adityasarna/opi-nvidia-vsp-skeleton/api/vsp/vsp.pb.go:562.40,564.2 1 0
github.com/adityasarna/opi-nvidia-vsp-skeleton/api/vsp/vsp.pb.go:566.38,566.39 0 0
github.com/adityasarna/opi-nvidia-vsp-skeleton/api/vsp/vsp.pb.go:568.60,570.41 2 1
github.com/adityasarna/opi-nvidia-vsp-skeleton/api/vsp/vsp.pb.go:570.41,572.34 2 1
github.com/adityasarna/opi-nvidia-vsp-skeleton/api/vsp/vsp.pb.go:572.34,574.4 1 1
github.com/adityasarna/opi-nvidia-vsp-skeleton/api/vsp/vsp.pb.go:575.3,575.12 1 1
github.com/adityasarna/opi-nvidia-vsp-skeleton/api/vsp/vsp.pb.go:577.2,577.24 1 0
github.com/adityasarna/opi-nvidia-vsp-skeleton/api/vsp/vsp.pb.go:581.51,583.2 1 0
github.com/adityasarna/opi-nvidia-vsp-skeleton/api/vsp/vsp.pb.go:585.45,586.14 1 0
github.com/adityasarna/opi-nvidia-vsp-skeleton/api/vsp/vsp.pb.go:586.14,588.3 1 0
github.com/adityasarna/opi-nvidia-vsp-skeleton/api/vsp/vsp.pb.go:589.2,589.10 1 0
github.com/adityasarna/opi-nvidia-vsp-skeleton/api/vsp/vsp.pb.go:592.48,593.14 1 1
github.com/adityasarna/opi-nvidia-vsp-skeleton/api/vsp/vsp.pb.go:593.14,595.3 1 1
github.com/adityasarna/opi-nvidia-vsp-skeleton/api/vsp/vsp.pb.go:596.2,596.11 1 0
github.com/adityasarna/opi-nvidia-vsp-skeleton/api/vsp/vsp.pb.go:599.42,600.14 1 1
github.com/adityasarna/opi-nvidia-vsp-skeleton/api/vsp/vsp.pb.go:600.14,602.3 1 1
github.com/adityasarna/opi-nvidia-vsp-skeleton/api/vsp/vsp.pb.go:603.2,603.14 1 0
github.com/adityasarna/opi-nvidia-vsp-skeleton/api/vsp/vsp.pb.go:709.50,710.47 1 0
github.com/adityasarna/opi-nvidia-vsp-skeleton/api/vsp/vsp.pb.go:710.47,712.3 1 0
github.com/adityasarna/opi-nvidia-vsp-skeleton/api/vsp/vsp.pb.go:713.2,713.43 1 0
github.com/adityasarna/opi-nvidia-vsp-skeleton/api/vsp/vsp.pb.go:756.13,756.46 1 1
github.com/adityasarna/opi-nvidia-vsp-skeleton/api/vsp/vsp.pb.go:757.36,758.35 1 1
github.com/adityasarna/opi-nvidia-vsp-skeleton/api/vsp/vsp.pb.go:758.35,760.3 1 0
github.com/adityasarna/opi-nvidia-vsp-skeleton/api/vsp/vsp.pb.go:761.2,761.30 1 1
github.com/adityasarna/opi-nvidia-vsp-skeleton/api/vsp/vsp.pb.go:761.30,762.88 1 0
github.com/adityasarna/opi-nvidia-vsp-skeleton/api/vsp/vsp.pb.go:762.88,763.30 1 0
github.com/adityasarna/opi-nvidia-vsp-skeleton/api/vsp/vsp.pb.go:764.11,765.20 1 0
github.com/adityasarna/opi-nvidia-vsp-skeleton/api/vsp/vsp.pb.go:766.11,767.24 1 0
github.com/adityasarna/opi-nvidia-vsp-skeleton/api/vsp/vsp.pb.go:768.11,769.28 1 0
github.com/adityasarna/opi-nvidia-vsp-skeleton/api/vsp/vsp.pb.go:770.12,771.15 1 0
github.com/adityasarna/opi-nvidia-vsp-skeleton/api/vsp/vsp.pb.go:774.3,774.88 1 0
github.com/adityasarna/opi-nvidia-vsp-skeleton/api/vsp/vsp.pb.go:774.88,775.36 1 0
github.com/adityasarna/opi-nvidia-vsp-skeleton/api/vsp/vsp.pb.go:776.11,777.20 1 0
github.com/adityasarna/opi-nvidia-vsp-skeleton/api/vsp/vsp.pb.go:778.11,779.24 1 0
github.com/adityasarna/opi-nvidia-vsp-skeleton/api/vsp/vsp.pb.go:780.11,781.28 1 0
github.com/adityasarna/opi-nvidia-vsp-skeleton/api/vsp/vsp.pb.go:782.12,783.15 1 0
github.com/adityasarna/opi-nvidia-vsp-skeleton/api/vsp/vsp.pb.go:786.3,786.88 1 0
github.com/adityasarna/opi-nvidia-vsp-skeleton/api/vsp/vsp.pb.go:786.88,787.31 1 0
github.com/adityasarna/opi-nvidia-vsp-skeleton/api/vsp/vsp.pb.go:788.11,789.20 1 0
github.com/adityasarna/opi-nvidia-vsp-skeleton/api/vsp/vsp.pb.go:790.11,791.24 1 0
github.com/adityasarna/opi-nvidia-vsp-skeleton/api/vsp/vsp.pb.go:792.11,793.28 1 0
github.com/adityasarna/opi-nvidia-vsp-skeleton/api/vsp/vsp.pb.go:794.12,795.15 1 0
github.com/adityasarna/opi-nvidia-vsp-skeleton/api/vsp/vsp.pb.go:798.3,798.88 1 0
github.com/adityasarna/opi-nvidia-vsp-skeleton/api/vsp/vsp.pb.go:798.88,799.32 1 0
github.com/adityasarna/opi-nvidia-vsp-skeleton/api/vsp/vsp.pb.go:800.11,801.20 1 0
github.com/adityasarna/opi-nvidia-vsp-skeleton/api/vsp/vsp.pb.go:802.11,803.24 1 0
github.com/adityasarna/opi-nvidia-vsp-skeleton/api/vsp/vsp.pb.go:804.11,805.28 1 0
github.com/adityasarna/opi-nvidia-vsp-skeleton/api/vsp/vsp.pb.go:806.12,807.15 1 0
github.com/adityasarna/opi-nvidia-vsp-skeleton/api/vsp/vsp.pb.go:810.3,810.88 1 0
github.com/adityasarna/opi-nvidia-vsp-skeleton/api/vsp/vsp.pb.go:810.88,811.37 1 0
github.com/adityasarna/opi-nvidia-vsp-skeleton/api/vsp/vsp.pb.go:812.11,813.20 1 0
github.com/adityasarna/opi-nvidia-vsp-skeleton/api/vsp/vsp.pb.go:814.11,815.24 1 0
github.com/adityasarna/opi-nvidia-vsp-skeleton/api/vsp/vsp.pb.go:816.11,817.28 1 0
github.com/adityasarna/opi-nvidia-vsp-skeleton/api/vsp/vsp.pb.go:818.12,819.15 1 0
github.com/adityasarna/opi-nvidia-vsp-skeleton/api/vsp/vsp.pb.go:822.3,822.88 1 0
github.com/adityasarna/opi-nvidia-vsp-skeleton/api/vsp/vsp.pb.go:822.88,823.31 1 0
github.com/adityasarna/opi-nvidia-vsp-skeleton/api/vsp/vsp.pb.go:824.11,825.20 1 0
github.com/adityasarna/opi-nvidia-vsp-skeleton/api/vsp/vsp.pb.go:826.11,827.24 1 0
github.com/adityasarna/opi-nvidia-vsp-skeleton/api/vsp/vsp.pb.go:828.11,829.28 1 0
github.com/adityasarna/opi-nvidia-vsp-skeleton/api/vsp/vsp.pb.go:830.12,831.15 1 0
github.com/adityasarna/opi-nvidia-vsp-skeleton/api/vsp/vsp.pb.go:834.3,834.88 1 0
github.com/adityasarna/opi-nvidia-vsp-skeleton/api/vsp/vsp.pb.go:834.88,835.43 1 0
github.com/adityasarna/opi-nvidia-vsp-skeleton/api/vsp/vsp.pb.go:836.11,837.20 1 0
github.com/adityasarna/opi-nvidia-vsp-skeleton/api/vsp/vsp.pb.go:838.11,839.24 1 0
github.com/adityasarna/opi-nvidia-vsp-skeleton/api/vsp/vsp.pb.go:840.11,841.28 1 0
github.com/adityasarna/opi-nvidia-vsp-skeleton/api/vsp/vsp.pb.go:842.12,843.15 1 0
github.com/adityasarna/opi-nvidia-vsp-skeleton/api/vsp/vsp.pb.go:846.3,846.88 1 0
github.com/adityasarna/opi-nvidia-vsp-skeleton/api/vsp/vsp.pb.go:846.88,847.34 1 0
github.com/adityasarna/opi-nvidia-vsp-skeleton/api/vsp/vsp.pb.go:848.11,849.20 1 0
github.com/adityasarna/opi-nvidia-vsp-skeleton/api/vsp/vsp.pb.go:850.11,851.24 1 0
github.com/adityasarna/opi-nvidia-vsp-skeleton/api/vsp/vsp.pb.go:852.11,853.28 1 0
github.com/adityasarna/opi-nvidia-vsp-skeleton/api/vsp/vsp.pb.go:854.12,855.15 1 0
github.com/adityasarna/opi-nvidia-vsp-skeleton/api/vsp/vsp.pb.go:858.3,858.88 1 0
github.com/adityasarna/opi-nvidia-vsp-skeleton/api/vsp/vsp.pb.go:858.88,859.48 1 0
github.com/adityasarna/opi-nvidia-vsp-skeleton/api/vsp/vsp.pb.go:860.11,861.20 1 0
github.com/adityasarna/opi-nvidia-vsp-skeleton/api/vsp/vsp.pb.go:862.11,863.24 1 0
github.com/adityasarna/opi-nvidia-vsp-skeleton/api/vsp/vsp.pb.go:864.11,865.28 1 0
github.com/adityasarna/opi-nvidia-vsp-skeleton/api/vsp/vsp.pb.go:866.12,867.15 1 0
github.com/adityasarna/opi-nvidia-vsp-skeleton/api/vsp/vsp.pb.go:870.3,870.88 1 0
github.com/adityasarna/opi-nvidia-vsp-skeleton/api/vsp/vsp.pb.go:870.88,871.36 1 0
github.com/adityasarna/opi-nvidia-vsp-skeleton/api/vsp/vsp.pb.go:872.11,873.20 1 0
github.com/adityasarna/opi-nvidia-vsp-skeleton/api/vsp/vsp.pb.go:874.11,875.24 1 0
github.com/adityasarna/opi-nvidia-vsp-skeleton/api/vsp/vsp.pb.go:876.11,877.28 1 0
github.com/adityasarna/opi-nvidia-vsp-skeleton/api/vsp/vsp.pb.go:878.12,879.15 1 0
github.com/adityasarna/opi-nvidia-vsp-skeleton/api/vsp/vsp.pb.go:882.3,882.89 1 0
github.com/adityasarna/opi-nvidia-vsp-skeleton/api/vsp/vsp.pb.go:882.89,883.37 1 0
github.com/adityasarna/opi-nvidia-vsp-skeleton/api/vsp/vsp.pb.go:884.11,885.20 1 0
github.com/adityasarna/opi-nvidia-vsp-skeleton/api/vsp/vsp.pb.go:886.11,887.24 1 0
github.com/adityasarna/opi-nvidia-vsp-skeleton/api/vsp/vsp.pb.go:888.11,889.28 1 0
github.com/adityasarna/opi-nvidia-vsp-skeleton/api/vsp/vsp.pb.go:890.12,891.15 1 0
github.com/adityasarna/opi-nvidia-vsp-skeleton/api/vsp/vsp.pb.go:895.2,912.38 6 1
github.com/adityasarna/opi-nvidia-vsp-skeleton/api/vsp/vsp_grpc.pb.go:39.84,41.2 1 1
github.com/adityasarna/opi-nvidia-vsp-skeleton/api/vsp/vsp_grpc.pb.go:43.119,46.16 3 1
github.com/adityasarna/opi-nvidia-vsp-skeleton/api/vsp/vsp_grpc.pb.go:46.16,48.3 1 1
github.com/adityasarna/opi-nvidia-vsp-skeleton/api/vsp/vsp_grpc.pb.go:49.2,49.17 1 1
github.com/adityasarna/opi-nvidia-vsp-skeleton/api/vsp/vsp_grpc.pb.go:64.97,66.2 1 0
github.com/adityasarna/opi-nvidia-vsp-skeleton/api/vsp/vsp_grpc.pb.go:67.92,67.93 0 0
github.com/adityasarna/opi-nvidia-vsp-skeleton/api/vsp/vsp_grpc.pb.go:76.90,78.2 1 1
github.com/adityasarna/opi-nvidia-vsp-skeleton/api/vsp/vsp_grpc.pb.go:80.166,82.32 2 1
github.com/adityasarna/opi-nvidia-vsp-skeleton/api/vsp/vsp_grpc.pb.go:82.32,84.3 1 0
github.com/adityasarna/opi-nvidia-vsp-skeleton/api/vsp/vsp_grpc.pb.go:85.2,85.24 1 1
github.com/adityasarna/opi-nvidia-vsp-skeleton/api/vsp/vsp_grpc.pb.go:85.24,87.3 1 1
github.com/adityasarna/opi-nvidia-vsp-skeleton/api/vsp/vsp_grpc.pb.go:88.2,92.77 2 0
github.com/adityasarna/opi-nvidia-vsp-skeleton/api/vsp/vsp_grpc.pb.go:92.77,94.3 1 0
github.com/adityasarna/opi-nvidia-vsp-skeleton/api/vsp/vsp_grpc.pb.go:95.2,95.44 1 0
github.com/adityasarna/opi-nvidia-vsp-skeleton/api/vsp/vsp_grpc.pb.go:131.78,133.2 1 1
github.com/adityasarna/opi-nvidia-vsp-skeleton/api/vsp/vsp_grpc.pb.go:135.128,138.16 3 1
github.com/adityasarna/opi-nvidia-vsp-skeleton/api/vsp/vsp_grpc.pb.go:138.16,140.3 1 0
github.com/adityasarna/opi-nvidia-vsp-skeleton/api/vsp/vsp_grpc.pb.go:141.2,141.17 1 1
github.com/adityasarna/opi-nvidia-vsp-skeleton/api/vsp/vsp_grpc.pb.go:144.118,147.16 3 0
github.com/adityasarna/opi-nvidia-vsp-skeleton/api/vsp/vsp_grpc.pb.go:147.16,149.3 1 0
github.com/adityasarna/opi-nvidia-vsp-skeleton/api/vsp/vsp_grpc.pb.go:150.2,150.17 1 0
github.com/adityasarna/opi-nvidia-vsp-skeleton/api/vsp/vsp_grpc.pb.go:166.106,168.2 1 0
github.com/adityasarna/opi-nvidia-vsp-skeleton/api/vsp/vsp_grpc.pb.go:169.96,171.2 1 0
github.com/adityasarna/opi-nvidia-vsp-skeleton/api/vsp/vsp_grpc.pb.go:172.86,172.87 0 0
github.com/adityasarna/opi-nvidia-vsp-skeleton/api/vsp/vsp_grpc.pb.go:181.84,183.2 1 1
github.com/adityasarna/opi-nvidia-vsp-skeleton/api/vsp/vsp_grpc.pb.go:185.169,187.32 2 1
github.com/adityasarna/opi-nvidia-vsp-skeleton/api/vsp/vsp_grpc.pb.go:187.32,189.3 1 0
github.com/adityasarna/opi-nvidia-vsp-skeleton/api/vsp/vsp_grpc.pb.go:190.2,190.24 1 1
github.com/adityasarna/opi-nvidia-vsp-skeleton/api/vsp/vsp_grpc.pb.go:190.24,192.3 1 1
github.com/adityasarna/opi-nvidia-vsp-skeleton/api/vsp/vsp_grpc.pb.go:193.2,197.77 2 0
github.com/adityasarna/opi-nvidia-vsp-skeleton/api/vsp/vsp_grpc.pb.go:197.77,199.3 1 0
github.com/adityasarna/opi-nvidia-vsp-skeleton/api/vsp/vsp_grpc.pb.go:200.2,200.44 1 0
github.com/adityasarna/opi-nvidia-vsp-skeleton/api/vsp/vsp_grpc.pb.go:203.168,205.32 2 0
github.com/adityasarna/opi-nvidia-vsp-skeleton/api/vsp/vsp_grpc.pb.go:205.32,207.3 1 0
github.com/adityasarna/opi-nvidia-vsp-skeleton/api/vsp/vsp_grpc.pb.go:208.2,208.24 1 0
github.com/adityasarna/opi-nvidia-vsp-skeleton/api/vsp/vsp_grpc.pb.go:208.24,210.3 1 0
github.com/adityasarna/opi-nvidia-vsp-skeleton/api/vsp/vsp_grpc.pb.go:211.2,215.77 2 0
github.com/adityasarna/opi-nvidia-vsp-skeleton/api/vsp/vsp_grpc.pb.go:215.77,217.3 1 0
github.com/adityasarna/opi-nvidia-vsp-skeleton/api/vsp/vsp_grpc.pb.go:218.2,218.44 1 0
github.com/adityasarna/opi-nvidia-vsp-skeleton/api/vsp/vsp_grpc.pb.go:258.96,260.2 1 1
github.com/adityasarna/opi-nvidia-vsp-skeleton/api/vsp/vsp_grpc.pb.go:262.139,265.16 3 1
github.com/adityasarna/opi-nvidia-vsp-skeleton/api/vsp/vsp_grpc.pb.go:265.16,267.3 1 0
github.com/adityasarna/opi-nvidia-vsp-skeleton/api/vsp/vsp_grpc.pb.go:268.2,268.17 1 1
github.com/adityasarna/opi-nvidia-vsp-skeleton/api/vsp/vsp_grpc.pb.go:271.139,274.16 3 0
github.com/adityasarna/opi-nvidia-vsp-skeleton/api/vsp/vsp_grpc.pb.go:274.16,276.3 1 0
github.com/adityasarna/opi-nvidia-vsp-skeleton/api/vsp/vsp_grpc.pb.go:277.2,277.17 1 0
github.com/adityasarna/opi-nvidia-vsp-skeleton/api/vsp/vsp_grpc.pb.go:293.117,295.2 1 0
github.com/adityasarna/opi-nvidia-vsp-skeleton/api/vsp/vsp_grpc.pb.go:296.117,298.2 1 0
github.com/adityasarna/opi-nvidia-vsp-skeleton/api/vsp/vsp_grpc.pb.go:299.104,300.2 0 0
github.com/adityasarna/opi-nvidia-vsp-skeleton/api/vsp/vsp_grpc.pb.go:309.102,311.2 1 1
github.com/adityasarna/opi-nvidia-vsp-skeleton/api/vsp/vsp_grpc.pb.go:313.189,315.32 2 1
github.com/adityasarna/opi-nvidia-vsp-skeleton/api/vsp/vsp_grpc.pb.go:315.32,317.3 1 0
github.com/adityasarna/opi-nvidia-vsp-skeleton/api/vsp/vsp_grpc.pb.go:318.2,318.24 1 1
github.com/adityasarna/opi-nvidia-vsp-skeleton/api/vsp/vsp_grpc.pb.go:318.24,320.3 1 1
github.com/adityasarna/opi-nvidia-vsp-skeleton/api/vsp/vsp_grpc.pb.go:321.2,325.77 2 0
github.com/adityasarna/opi-nvidia-vsp-skeleton/api/vsp/vsp_grpc.pb.go:325.77,327.3 1 0
github.com/adityasarna/opi-nvidia-vsp-skeleton/api/vsp/vsp_grpc.pb.go:328.2,328.44 1 0
github.com/adityasarna/opi-nvidia-vsp-skeleton/api/vsp/vsp_grpc.pb.go:331.189,333.32 2 0
github.com/adityasarna/opi-nvidia-vsp-skeleton/api/vsp/vsp_grpc.pb.go:333.32,335.3 1 0
github.com/adityasarna/opi-nvidia-vsp-skeleton/api/vsp/vsp_grpc.pb.go:336.2,336.24 1 0
github.com/adityasarna/opi-nvidia-vsp-skeleton/api/vsp/vsp_grpc.pb.go:336.24,338.3 1 0
github.com/adityasarna/opi-nvidia-vsp-skeleton/api/vsp/vsp_grpc.pb.go:339.2,343.77 2 0
github.com/adityasarna/opi-nvidia-vsp-skeleton/api/vsp/vsp_grpc.pb.go:343.77,345.3 1 0
github.com/adityasarna/opi-nvidia-vsp-skeleton/api/vsp/vsp_grpc.pb.go:346.2,346.44 1 0
github.com/adityasarna/opi-nvidia-vsp-skeleton/api/vsp/vsp_grpc.pb.go:384.98,386.2 1 0
github.com/adityasarna/opi-nvidia-vsp-skeleton/api/vsp/vsp_grpc.pb.go:388.152,391.16 3 0
github.com/adityasarna/opi-nvidia-vsp-skeleton/api/vsp/vsp_grpc.pb.go:391.16,393.3 1 0
github.com/adityasarna/opi-nvidia-vsp-skeleton/api/vsp/vsp_grpc.pb.go:394.2,394.17 1 0
github.com/adityasarna/opi-nvidia-vsp-skeleton/api/vsp/vsp_grpc.pb.go:409.130,411.2 1 0
github.com/adityasarna/opi-nvidia-vsp-skeleton/api/vsp/vsp_grpc.pb.go:412.106,413.2 0 0
github.com/adityasarna/opi-nvidia-vsp-skeleton/api/vsp/vsp_grpc.pb.go:422.104,424.2 1 1
github.com/adityasarna/opi-nvidia-vsp-skeleton/api/vsp/vsp_grpc.pb.go:426.188,428.32 2 0
github.com/adityasarna/opi-nvidia-vsp-skeleton/api/vsp/vsp_grpc.pb.go:428.32,430.3 1 0
github.com/adityasarna/opi-nvidia-vsp-skeleton/api/vsp/vsp_grpc.pb.go:431.2,431.24 1 0
github.com/adityasarna/opi-nvidia-vsp-skeleton/api/vsp/vsp_grpc.pb.go:431.24,433.3 1 0
github.com/adityasarna/opi-nvidia-vsp-skeleton/api/vsp/vsp_grpc.pb.go:434.2,438.77 2 0
github.com/adityasarna/opi-nvidia-vsp-skeleton/api/vsp/vsp_grpc.pb.go:438.77,440.3 1 0
github.com/adityasarna/opi-nvidia-vsp-skeleton/api/vsp/vsp_grpc.pb.go:441.2,441.44 1 0
github.com/adityasarna/opi-nvidia-vsp-skeleton/api/vsp/vsp_grpc.pb.go:475.84,477.2 1 1
github.com/adityasarna/opi-nvidia-vsp-skeleton/api/vsp/vsp_grpc.pb.go:479.125,482.16 3 1
github.com/adityasarna/opi-nvidia-vsp-skeleton/api/vsp/vsp_grpc.pb.go:482.16,484.3 1 0
github.com/adityasarna/opi-nvidia-vsp-skeleton/api/vsp/vsp_grpc.pb.go:485.2,485.17 1 1
github.com/adityasarna/opi-nvidia-vsp-skeleton/api/vsp/vsp_grpc.pb.go:500.103,502.2 1 0
github.com/adityasarna/opi-nvidia-vsp-skeleton/api/vsp/vsp_grpc.pb.go:503.92,503.93 0 0
github.com/adityasarna/opi-nvidia-vsp-skeleton/api/vsp/vsp_grpc.pb.go:512.90,514.2 1 1
github.com/adityasarna/opi-nvidia-vsp-skeleton/api/vsp/vsp_grpc.pb.go:516.166,518.32 2 1
github.com/adityasarna/opi-nvidia-vsp-skeleton/api/vsp/vsp_grpc.pb.go:518.32,520.3 1 0
github.com/adityasarna/opi-nvidia-vsp-skeleton/api/vsp/vsp_grpc.pb.go:521.2,521.24 1 1
github.com/adityasarna/opi-nvidia-vsp-skeleton/api/vsp/vsp_grpc.pb.go:521.24,523.3 1 1
github.com/adityasarna/opi-nvidia-vsp-skeleton/api/vsp/vsp_grpc.pb.go:524.2,528.77 2 0
github.com/adityasarna/opi-nvidia-vsp-skeleton/api/vsp/vsp_grpc.pb.go:528.77,530.3 1 0
github.com/adityasarna/opi-nvidia-vsp-skeleton/api/vsp/vsp_grpc.pb.go:531.2,531.44 1 0
github.com/adityasarna/opi-nvidia-vsp-skeleton/vspgrpc/demo.go:15.83,21.2 5 1
github.com/adityasarna/opi-nvidia-vsp-skeleton/vspgrpc/demo.go:25.41,25.53 1 0
github.com/adityasarna/opi-nvidia-vsp-skeleton/vspgrpc/demo.go:29.46,31.21 2 1
github.com/adityasarna/opi-nvidia-vsp-skeleton/vspgrpc/demo.go:31.21,33.3 1 1
github.com/adityasarna/opi-nvidia-vsp-skeleton/vspgrpc/demo.go:34.2,34.17 1 1
github.com/adityasarna/opi-nvidia-vsp-skeleton/vspgrpc/demo.go:38.84,46.2 1 1
github.com/adityasarna/opi-nvidia-vsp-skeleton/vspgrpc/demo.go:49.102,51.35 2 1
github.com/adityasarna/opi-nvidia-vsp-skeleton/vspgrpc/demo.go:51.35,53.45 2 1
github.com/adityasarna/opi-nvidia-vsp-skeleton/vspgrpc/demo.go:53.45,55.4 1 0
github.com/adityasarna/opi-nvidia-vsp-skeleton/vspgrpc/demo.go:57.2,57.12 1 1
github.com/adityasarna/opi-nvidia-vsp-skeleton/vspgrpc/server.go:41.44,47.2 5 1
github.com/adityasarna/opi-nvidia-vsp-skeleton/vspgrpc/server.go:50.53,52.16 2 0
github.com/adityasarna/opi-nvidia-vsp-skeleton/vspgrpc/server.go:52.16,54.3 1 0
github.com/adityasarna/opi-nvidia-vsp-skeleton/vspgrpc/server.go:55.2,58.21 4 0
github.com/adityasarna/opi-nvidia-vsp-skeleton/vspgrpc/server.go:61.30,62.9 1 1
github.com/adityasarna/opi-nvidia-vsp-skeleton/vspgrpc/server.go:63.45,64.54 1 0
github.com/adityasarna/opi-nvidia-vsp-skeleton/vspgrpc/server.go:65.52,66.61 1 0
github.com/adityasarna/opi-nvidia-vsp-skeleton/vspgrpc/server.go:67.47,68.56 1 1
github.com/adityasarna/opi-nvidia-vsp-skeleton/vspgrpc/server.go:69.10,70.50 1 0
github.com/adityasarna/opi-nvidia-vsp-skeleton/vspgrpc/server.go:74.85,79.16 2 1
github.com/adityasarna/opi-nvidia-vsp-skeleton/vspgrpc/server.go:79.16,81.3 1 1
github.com/adityasarna/opi-nvidia-vsp-skeleton/vspgrpc/server.go:82.2,82.50 1 1
github.com/adityasarna/opi-nvidia-vsp-skeleton/vspgrpc/server.go:85.95,87.16 2 1
github.com/adityasarna/opi-nvidia-vsp-skeleton/vspgrpc/server.go:87.16,89.3 1 0
github.com/adityasarna/opi-nvidia-vsp-skeleton/vspgrpc/server.go:90.2,91.34 2 1
github.com/adityasarna/opi-nvidia-vsp-skeleton/vspgrpc/server.go:91.34,99.3 1 1
github.com/adityasarna/opi-nvidia-vsp-skeleton/vspgrpc/server.go:100.2,100.17 1 1
github.com/adityasarna/opi-nvidia-vsp-skeleton/vspgrpc/server.go:103.87,105.16 2 0
github.com/adityasarna/opi-nvidia-vsp-skeleton/vspgrpc/server.go:105.16,107.3 1 0
github.com/adityasarna/opi-nvidia-vsp-skeleton/vspgrpc/server.go:108.2,108.43 1 0
github.com/adityasarna/opi-nvidia-vsp-skeleton/vspgrpc/server.go:111.99,117.16 2 1
github.com/adityasarna/opi-nvidia-vsp-skeleton/vspgrpc/server.go:117.16,119.3 1 0
github.com/adityasarna/opi-nvidia-vsp-skeleton/vspgrpc/server.go:120.2,120.25 1 1
github.com/adityasarna/opi-nvidia-vsp-skeleton/vspgrpc/server.go:123.99,129.16 2 0
github.com/adityasarna/opi-nvidia-vsp-skeleton/vspgrpc/server.go:129.16,131.3 1 0
github.com/adityasarna/opi-nvidia-vsp-skeleton/vspgrpc/server.go:132.2,132.25 1 0
github.com/adityasarna/opi-nvidia-vsp-skeleton/vspgrpc/server.go:135.111,139.16 2 0
github.com/adityasarna/opi-nvidia-vsp-skeleton/vspgrpc/server.go:139.16,141.3 1 0
github.com/adityasarna/opi-nvidia-vsp-skeleton/vspgrpc/server.go:142.2,142.25 1 0
github.com/adityasarna/opi-nvidia-vsp-skeleton/vspgrpc/server.go:145.91,150.16 2 1
github.com/adityasarna/opi-nvidia-vsp-skeleton/vspgrpc/server.go:150.16,152.3 1 0
github.com/adityasarna/opi-nvidia-vsp-skeleton/vspgrpc/server.go:153.2,157.8 1 1
